Using pre-set license
Built from '2023.1/staging' branch; Version is '2023.1.19f1 (629111e352bc) revision 6459665'; Using compiler version '192829333'; Build Type 'Release'
OS: 'Windows 11  (10.0.22621) 64bit Core' Language: 'en' Physical Memory: 8062 MB
BatchMode: 1, IsHumanControllingUs: 0, StartBugReporterOnCrash: 0, Is64bit: 1, IsPro: 1

COMMAND LINE ARGUMENTS:
C:\Program Files\Unity\Hub\Editor\2023.1.19f1\Editor\Unity.exe
-adb2
-batchMode
-noUpm
-name
AssetImportWorker2
-projectPath
C:/Business Analysis/TeamBooYah/TeamBooYah
-logFile
Logs/AssetImportWorker2.log
-srvPort
52862
Successfully changed project path to: C:/Business Analysis/TeamBooYah/TeamBooYah
C:/Business Analysis/TeamBooYah/TeamBooYah
[UnityMemory] Configuration Parameters - Can be set up in boot.config
    "memorysetup-bucket-allocator-granularity=16"
    "memorysetup-bucket-allocator-bucket-count=8"
    "memorysetup-bucket-allocator-block-size=33554432"
    "memorysetup-bucket-allocator-block-count=8"
    "memorysetup-main-allocator-block-size=16777216"
    "memorysetup-thread-allocator-block-size=16777216"
    "memorysetup-gfx-main-allocator-block-size=16777216"
    "memorysetup-gfx-thread-allocator-block-size=16777216"
    "memorysetup-cache-allocator-block-size=4194304"
    "memorysetup-typetree-allocator-block-size=2097152"
    "memorysetup-profiler-bucket-allocator-granularity=16"
    "memorysetup-profiler-bucket-allocator-bucket-count=8"
    "memorysetup-profiler-bucket-allocator-block-size=33554432"
    "memorysetup-profiler-bucket-allocator-block-count=8"
    "memorysetup-profiler-allocator-block-size=16777216"
    "memorysetup-profiler-editor-allocator-block-size=1048576"
    "memorysetup-temp-allocator-size-main=16777216"
    "memorysetup-job-temp-allocator-block-size=2097152"
    "memorysetup-job-temp-allocator-block-size-background=1048576"
    "memorysetup-job-temp-allocator-reduction-small-platforms=262144"
    "memorysetup-allocator-temp-initial-block-size-main=262144"
    "memorysetup-allocator-temp-initial-block-size-worker=262144"
    "memorysetup-temp-allocator-size-background-worker=32768"
    "memorysetup-temp-allocator-size-job-worker=262144"
    "memorysetup-temp-allocator-size-preload-manager=33554432"
    "memorysetup-temp-allocator-size-nav-mesh-worker=65536"
    "memorysetup-temp-allocator-size-audio-worker=65536"
    "memorysetup-temp-allocator-size-cloud-worker=32768"
    "memorysetup-temp-allocator-size-gi-baking-worker=262144"
    "memorysetup-temp-allocator-size-gfx=262144"
Player connection [41240] Host "[IP] 10.12.106.177 [Port] 0 [Flags] 2 [Guid] 1349045351 [EditorId] 1349045351 [Version] 1048832 [Id] WindowsEditor(7,HPPC16) [Debug] 1 [PackageName] WindowsEditor [ProjectName] Editor" joined multi-casting on [225.0.0.222:54997]...

Player connection [41240] Host "[IP] 10.12.106.177 [Port] 0 [Flags] 2 [Guid] 1349045351 [EditorId] 1349045351 [Version] 1048832 [Id] WindowsEditor(7,HPPC16) [Debug] 1 [PackageName] WindowsEditor [ProjectName] Editor" joined alternative multi-casting on [225.0.0.222:34997]...

[Physics::Module] Initialized MultithreadedJobDispatcher with 7 workers.
Library Redirect Path: Library/Refreshing native plugins compatible for Editor in 52.64 ms, found 3 plugins.
Preloading 0 native plugins for Editor in 0.00 ms.
Initialize engine version: 2023.1.19f1 (629111e352bc)
[Subsystems] Discovering subsystems at path C:/Program Files/Unity/Hub/Editor/2023.1.19f1/Editor/Data/Resources/UnitySubsystems
[Subsystems] Discovering subsystems at path C:/Business Analysis/TeamBooYah/TeamBooYah/Assets
GfxDevice: creating device client; threaded=0; jobified=0
Direct3D:
    Version:  Direct3D 11.0 [level 11.1]
    Renderer: Intel(R) UHD Graphics 620 (ID=0x5917)
    Vendor:   Intel
    VRAM:     4031 MB
    Driver:   27.20.100.8853
Initialize mono
Mono path[0] = 'C:/Program Files/Unity/Hub/Editor/2023.1.19f1/Editor/Data/Managed'
Mono path[1] = 'C:/Program Files/Unity/Hub/Editor/2023.1.19f1/Editor/Data/MonoBleedingEdge/lib/mono/unityjit-win32'
Mono config path = 'C:/Program Files/Unity/Hub/Editor/2023.1.19f1/Editor/Data/MonoBleedingEdge/etc'
Using monoOptions --debugger-agent=transport=dt_socket,embedding=1,server=y,suspend=n,address=127.0.0.1:56592
Begin MonoManager ReloadAssembly
C:\build\output\Unity-Technologies\mono\mono\metadata\icall.c:1842:
C:\build\output\Unity-Technologies\mono\mono\metadata\icall.c:1842:
C:\build\output\Unity-Technologies\mono\mono\metadata\icall.c:1842:
C:\build\output\Unity-Technologies\mono\mono\metadata\icall.c:1842:
C:\build\output\Unity-Technologies\mono\mono\metadata\icall.c:1842:
C:\build\output\Unity-Technologies\mono\mono\metadata\icall.c:1842:
C:\build\output\Unity-Technologies\mono\mono\metadata\icall.c:1842:
C:\build\output\Unity-Technologies\mono\mono\metadata\icall.c:1842:
C:\build\output\Unity-Technologies\mono\mono\metadata\icall.c:1842:
C:\build\output\Unity-Technologies\mono\mono\metadata\icall.c:1842:
Registering precompiled unity dll's ...
Register platform support module: C:/Program Files/Unity/Hub/Editor/2023.1.19f1/Editor/Data/PlaybackEngines/WindowsStandaloneSupport/UnityEditor.WindowsStandalone.Extensions.dll
Registered in 0.012169 seconds.
- Loaded All Assemblies, in  1.625 seconds
Native extension for WindowsStandalone target not found
Mono: successfully reloaded assembly
C:\build\output\Unity-Technologies\mono\mono\metadata\icall.c:1842:
C:\build\output\Unity-Technologies\mono\mono\metadata\icall.c:1842:
- Finished resetting the current domain, in  1.447 seconds
Domain Reload Profiling: 3065ms
	BeginReloadAssembly (436ms)
		ExecutionOrderSort (0ms)
		DisableScriptedObjects (0ms)
		BackupInstance (0ms)
		ReleaseScriptingObjects (0ms)
		CreateAndSetChildDomain (4ms)
	RebuildCommonClasses (156ms)
	RebuildNativeTypeToScriptingClass (49ms)
	initialDomainReloadingComplete (147ms)
	LoadAllAssembliesAndSetupDomain (828ms)
		LoadAssemblies (423ms)
		RebuildTransferFunctionScriptingTraits (0ms)
		AnalyzeDomain (811ms)
			TypeCache.Refresh (807ms)
				TypeCache.ScanAssembly (720ms)
			ScanForSourceGeneratedMonoScriptInfo (1ms)
			ResolveRequiredComponents (2ms)
	FinalizeReload (1449ms)
		ReleaseScriptCaches (0ms)
		RebuildScriptCaches (0ms)
		SetupLoadedEditorAssemblies (1291ms)
			LogAssemblyErrors (0ms)
			InitializePlatformSupportModulesInManaged (32ms)
			SetLoadedEditorAssemblies (14ms)
			BeforeProcessingInitializeOnLoad (29ms)
			ProcessInitializeOnLoadAttributes (804ms)
			ProcessInitializeOnLoadMethodAttributes (411ms)
			AfterProcessingInitializeOnLoad (0ms)
			EditorAssembliesLoaded (0ms)
		ExecutionOrderSort2 (0ms)
		AwakeInstancesAfterBackupRestoration (0ms)
========================================================================
Worker process is ready to serve import requests
Import Worker Mode flag is 0x00
Begin MonoManager ReloadAssembly
C:\build\output\Unity-Technologies\mono\mono\metadata\icall.c:1842:
C:\build\output\Unity-Technologies\mono\mono\metadata\icall.c:1842:
C:\build\output\Unity-Technologies\mono\mono\metadata\icall.c:1842:
C:\build\output\Unity-Technologies\mono\mono\metadata\icall.c:1842:
C:\build\output\Unity-Technologies\mono\mono\metadata\icall.c:1842:
C:\build\output\Unity-Technologies\mono\mono\metadata\icall.c:1842:
C:\build\output\Unity-Technologies\mono\mono\metadata\icall.c:1842:
C:\build\output\Unity-Technologies\mono\mono\metadata\icall.c:1842:
C:\build\output\Unity-Technologies\mono\mono\metadata\icall.c:1842:
C:\build\output\Unity-Technologies\mono\mono\metadata\icall.c:1842:
C:\build\output\Unity-Technologies\mono\mono\metadata\icall.c:1842:
C:\build\output\Unity-Technologies\mono\mono\metadata\icall.c:1842:
Symbol file LoadedFromMemory doesn't match image C:\Business Analysis\TeamBooYah\TeamBooYah\Library\PackageCache\com.unity.visualscripting@1.8.0\Editor\VisualScripting.Core\Dependencies\YamlDotNet\Unity.VisualScripting.YamlDotNet.dll
Symbol file LoadedFromMemory doesn't match image C:\Business Analysis\TeamBooYah\TeamBooYah\Library\PackageCache\com.unity.visualscripting@1.8.0\Editor\VisualScripting.Core\Dependencies\DotNetZip\Unity.VisualScripting.IonicZip.dll
- Loaded All Assemblies, in  3.874 seconds
Refreshing native plugins compatible for Editor in 15.87 ms, found 3 plugins.
Native extension for WindowsStandalone target not found
Mono: successfully reloaded assembly
- Finished resetting the current domain, in  3.019 seconds
Domain Reload Profiling: 6881ms
	BeginReloadAssembly (1074ms)
		ExecutionOrderSort (0ms)
		DisableScriptedObjects (24ms)
		BackupInstance (0ms)
		ReleaseScriptingObjects (0ms)
		CreateAndSetChildDomain (90ms)
	RebuildCommonClasses (116ms)
	RebuildNativeTypeToScriptingClass (33ms)
	initialDomainReloadingComplete (109ms)
	LoadAllAssembliesAndSetupDomain (2528ms)
		LoadAssemblies (1315ms)
		RebuildTransferFunctionScriptingTraits (0ms)
		AnalyzeDomain (1574ms)
			TypeCache.Refresh (1474ms)
				TypeCache.ScanAssembly (1418ms)
			ScanForSourceGeneratedMonoScriptInfo (74ms)
			ResolveRequiredComponents (22ms)
	FinalizeReload (3021ms)
		ReleaseScriptCaches (0ms)
		RebuildScriptCaches (0ms)
		SetupLoadedEditorAssemblies (2094ms)
			LogAssemblyErrors (0ms)
			InitializePlatformSupportModulesInManaged (38ms)
			SetLoadedEditorAssemblies (26ms)
			BeforeProcessingInitializeOnLoad (614ms)
			ProcessInitializeOnLoadAttributes (1326ms)
			ProcessInitializeOnLoadMethodAttributes (68ms)
			AfterProcessingInitializeOnLoad (21ms)
			EditorAssembliesLoaded (1ms)
		ExecutionOrderSort2 (0ms)
		AwakeInstancesAfterBackupRestoration (39ms)
Launched and connected shader compiler UnityShaderCompiler.exe after 0.10 seconds
Refreshing native plugins compatible for Editor in 22.29 ms, found 3 plugins.
Preloading 0 native plugins for Editor in 0.00 ms.
Unloading 3193 Unused Serialized files (Serialized files now loaded: 0)
Unloading 35 unused Assets / (53.1 KB). Loaded Objects now: 3733.
Memory consumption went from 138.0 MB to 137.9 MB.
Total: 8.714300 ms (FindLiveObjects: 0.413000 ms CreateObjectMapping: 0.530500 ms MarkObjects: 7.559000 ms  DeleteObjects: 0.207300 ms)

AssetImportParameters requested are different than current active one (requested -> active):
  custom:video-decoder-webm-vp8: 9c59270c3fd7afecdb556c50c9e8de78 -> 
  custom:SearchIndexIgnoredProperties: e643bd26f0fe6173181afceb89e7c659 -> 
  custom:audio-encoder-webm-vorbis: bf7c407c2cedff20999df2af8eb42d56 -> 
  custom:AudioImporter_EditorPlatform: d09bf68614088b80899f8185d706f6e7 -> 
  custom:audio-decoder-ogg-vorbis: bf7c407c2cedff20999df2af8eb42d56 -> 
  custom:video-encoder-webm-vp8: eb34c28f22e8b96e1ab97ce403110664 -> 
  custom:container-demuxer-ogg: 62fdf1f143b41e24485cea50d1cbac27 -> 
  custom:framework-win-MediaFoundation: 216162199b28c13a410421893ffa2e32 -> 
  custom:video-decoder-ogg-theora: a1e56fd34408186e4bbccfd4996cb3dc -> 
  custom:container-muxer-webm: aa71ff27fc2769a1b78a27578f13a17b -> 
  custom:CustomObjectIndexerAttribute: 756ad292c208cfabdd7b50bc23989ffe -> 
  custom:container-demuxer-webm: 4f35f7cbe854078d1ac9338744f61a02 -> 
========================================================================
Received Import Request.
  Time since last request: 573424.563159 seconds.
  path: Assets/HUD Text/Examples
  artifactKey: Guid(211da1d7b33e3e546a6dbd83e74ebdf4) Importer(815301076,1909f56bfc062723c751e8b465ee728b)
Start importing Assets/HUD Text/Examples using Guid(211da1d7b33e3e546a6dbd83e74ebdf4) Importer(815301076,1909f56bfc062723c751e8b465ee728b)  -> (artifact id: 'c1a6cde3bd4151fe6f981be24b7beb4a') in 0.003614 seconds
Number of updated asset objects reloaded before import = 0
Number of asset objects unloaded after import = 0
========================================================================
Received Import Request.
  Time since last request: 1.032407 seconds.
  path: Assets/HUD Text/Examples/Atlases
  artifactKey: Guid(bfdc5711446da1c44854882d442017c2) Importer(815301076,1909f56bfc062723c751e8b465ee728b)
Start importing Assets/HUD Text/Examples/Atlases using Guid(bfdc5711446da1c44854882d442017c2) Importer(815301076,1909f56bfc062723c751e8b465ee728b)  -> (artifact id: 'c0f4eb3ae405e38c87e65272c1494b67') in 0.001283 seconds
Number of updated asset objects reloaded before import = 0
Number of asset objects unloaded after import = 0
========================================================================
Received Import Request.
  Time since last request: 8.698361 seconds.
  path: Assets/HUD Text/Examples/Models/Orc/FBX.FBX
  artifactKey: Guid(1badfd6944994af44b5ddf21766a94bc) Importer(815301076,1909f56bfc062723c751e8b465ee728b)
Start importing Assets/HUD Text/Examples/Models/Orc/FBX.FBX using Guid(1badfd6944994af44b5ddf21766a94bc) Importer(815301076,1909f56bfc062723c751e8b465ee728b)  -> (artifact id: '881fd3d040d1f8ba79065059a3923db3') in 0.878632 seconds
Number of updated asset objects reloaded before import = 0
Number of asset objects unloaded after import = 65
========================================================================
Received Import Request.
  Time since last request: 0.000032 seconds.
  path: Assets/HUD Text/Examples/Models/Orc/Orc Skin (Diffuse).psd
  artifactKey: Guid(9dea8a158a69bed4fa95c4876b3a9c86) Importer(815301076,1909f56bfc062723c751e8b465ee728b)
Start importing Assets/HUD Text/Examples/Models/Orc/Orc Skin (Diffuse).psd using Guid(9dea8a158a69bed4fa95c4876b3a9c86) Importer(815301076,1909f56bfc062723c751e8b465ee728b)  -> (artifact id: 'b665d2398d6fea60dfde874478094cc8') in 0.049099 seconds
Number of updated asset objects reloaded before import = 0
Number of asset objects unloaded after import = 2
========================================================================
Received Import Request.
  Time since last request: 0.000053 seconds.
  path: Assets/HUD Text/Examples/Models/Orc/Orc Skin.mat
  artifactKey: Guid(82ca0ae319ab64341b8336b689389d6b) Importer(815301076,1909f56bfc062723c751e8b465ee728b)
Start importing Assets/HUD Text/Examples/Models/Orc/Orc Skin.mat using Guid(82ca0ae319ab64341b8336b689389d6b) Importer(815301076,1909f56bfc062723c751e8b465ee728b)  -> (artifact id: 'c839eaa7add752b202b4d38e1c170567') in 1.231394 seconds
Number of updated asset objects reloaded before import = 0
Number of asset objects unloaded after import = 3
========================================================================
Received Import Request.
  Time since last request: 0.000059 seconds.
  path: Assets/HUD Text/Examples/Models/Orc/Orc Skin (Normal).png
  artifactKey: Guid(144032073d79c0644914a9fa2b44ce33) Importer(815301076,1909f56bfc062723c751e8b465ee728b)
Start importing Assets/HUD Text/Examples/Models/Orc/Orc Skin (Normal).png using Guid(144032073d79c0644914a9fa2b44ce33) Importer(815301076,1909f56bfc062723c751e8b465ee728b)  -> (artifact id: '1e4ae8a3b071aa4ce10c0fa60c68c6b5') in 0.042039 seconds
Number of updated asset objects reloaded before import = 0
Number of asset objects unloaded after import = 2
========================================================================
Received Import Request.
  Time since last request: 0.000071 seconds.
  path: Assets/HUD Text/Examples/Models/Orc Armor/Orc Bracers.prefab
  artifactKey: Guid(8d847f26b6745fb4d9076f59a3cf0151) Importer(815301076,1909f56bfc062723c751e8b465ee728b)
Start importing Assets/HUD Text/Examples/Models/Orc Armor/Orc Bracers.prefab using Guid(8d847f26b6745fb4d9076f59a3cf0151) Importer(815301076,1909f56bfc062723c751e8b465ee728b)  -> (artifact id: 'df1394ddbcadb63caa78ace17bb880e3') in 0.897739 seconds
Number of updated asset objects reloaded before import = 0
Number of asset objects unloaded after import = 11
========================================================================
Received Import Request.
  Time since last request: 0.000088 seconds.
  path: Assets/HUD Text/Examples/Models/Orc Armor/Shoulders.FBX
  artifactKey: Guid(90d839770baeee54097f3c167e390010) Importer(815301076,1909f56bfc062723c751e8b465ee728b)
Start importing Assets/HUD Text/Examples/Models/Orc Armor/Shoulders.FBX using Guid(90d839770baeee54097f3c167e390010) Importer(815301076,1909f56bfc062723c751e8b465ee728b)  -> (artifact id: '97441a862558b5005daace5580b39a4c') in 0.157649 seconds
Number of updated asset objects reloaded before import = 0
Number of asset objects unloaded after import = 8
========================================================================
Received Import Request.
  Time since last request: 0.000071 seconds.
  path: Assets/HUD Text/Examples/Models/Orc Armor/Orc Armor (Maps).png
  artifactKey: Guid(8307261b94c5d8a4f99775a836199d20) Importer(815301076,1909f56bfc062723c751e8b465ee728b)
Start importing Assets/HUD Text/Examples/Models/Orc Armor/Orc Armor (Maps).png using Guid(8307261b94c5d8a4f99775a836199d20) Importer(815301076,1909f56bfc062723c751e8b465ee728b)  -> (artifact id: '7bf37b57eb99273c71e1d84e522b4833') in 0.153122 seconds
Number of updated asset objects reloaded before import = 0
Number of asset objects unloaded after import = 2
========================================================================
Received Import Request.
  Time since last request: 19.855145 seconds.
  path: Assets/HUD Text/Examples/Standard Assets/Terrain Assets/Terrain Grass/Grass2.psd
  artifactKey: Guid(d6cdc79ec19714fcd980ca3f6ac01a0a) Importer(815301076,1909f56bfc062723c751e8b465ee728b)
Start importing Assets/HUD Text/Examples/Standard Assets/Terrain Assets/Terrain Grass/Grass2.psd using Guid(d6cdc79ec19714fcd980ca3f6ac01a0a) Importer(815301076,1909f56bfc062723c751e8b465ee728b)  -> (artifact id: 'f8923cc36564b1e16f43d4c2fdc50e56') in 0.023211 seconds
Number of updated asset objects reloaded before import = 0
Number of asset objects unloaded after import = 2
========================================================================
Received Import Request.
  Time since last request: 1.142900 seconds.
  path: Assets/HUD Text/Examples/Standard Assets/Terrain Assets/Terrain Textures/Cliff (Layered Rock).psd
  artifactKey: Guid(18214e9d6af6248559d501391856f1c7) Importer(815301076,1909f56bfc062723c751e8b465ee728b)
Start importing Assets/HUD Text/Examples/Standard Assets/Terrain Assets/Terrain Textures/Cliff (Layered Rock).psd using Guid(18214e9d6af6248559d501391856f1c7) Importer(815301076,1909f56bfc062723c751e8b465ee728b)  -> (artifact id: 'e58fdfc95d0d5966a4c349dbd2cfd9e6') in 0.026914 seconds
Number of updated asset objects reloaded before import = 0
Number of asset objects unloaded after import = 2
========================================================================
Received Prepare
Begin MonoManager ReloadAssembly
C:\build\output\Unity-Technologies\mono\mono\metadata\icall.c:1842:
C:\build\output\Unity-Technologies\mono\mono\metadata\icall.c:1842:
C:\build\output\Unity-Technologies\mono\mono\metadata\icall.c:1842:
C:\build\output\Unity-Technologies\mono\mono\metadata\icall.c:1842:
C:\build\output\Unity-Technologies\mono\mono\metadata\icall.c:1842:
C:\build\output\Unity-Technologies\mono\mono\metadata\icall.c:1842:
C:\build\output\Unity-Technologies\mono\mono\metadata\icall.c:1842:
C:\build\output\Unity-Technologies\mono\mono\metadata\icall.c:1842:
C:\build\output\Unity-Technologies\mono\mono\metadata\icall.c:1842:
C:\build\output\Unity-Technologies\mono\mono\metadata\icall.c:1842:
C:\build\output\Unity-Technologies\mono\mono\metadata\icall.c:1842:
C:\build\output\Unity-Technologies\mono\mono\metadata\icall.c:1842:
Symbol file LoadedFromMemory doesn't match image C:\Business Analysis\TeamBooYah\TeamBooYah\Library\PackageCache\com.unity.visualscripting@1.8.0\Editor\VisualScripting.Core\Dependencies\YamlDotNet\Unity.VisualScripting.YamlDotNet.dll
Symbol file LoadedFromMemory doesn't match image C:\Business Analysis\TeamBooYah\TeamBooYah\Library\PackageCache\com.unity.visualscripting@1.8.0\Editor\VisualScripting.Core\Dependencies\DotNetZip\Unity.VisualScripting.IonicZip.dll
- Loaded All Assemblies, in  2.173 seconds
Refreshing native plugins compatible for Editor in 12.63 ms, found 3 plugins.
Native extension for WindowsStandalone target not found
Mono: successfully reloaded assembly
- Finished resetting the current domain, in  5.256 seconds
Domain Reload Profiling: 7419ms
	BeginReloadAssembly (417ms)
		ExecutionOrderSort (0ms)
		DisableScriptedObjects (10ms)
		BackupInstance (0ms)
		ReleaseScriptingObjects (0ms)
		CreateAndSetChildDomain (102ms)
	RebuildCommonClasses (86ms)
	RebuildNativeTypeToScriptingClass (23ms)
	initialDomainReloadingComplete (61ms)
	LoadAllAssembliesAndSetupDomain (1575ms)
		LoadAssemblies (779ms)
		RebuildTransferFunctionScriptingTraits (0ms)
		AnalyzeDomain (1019ms)
			TypeCache.Refresh (990ms)
				TypeCache.ScanAssembly (918ms)
			ScanForSourceGeneratedMonoScriptInfo (0ms)
			ResolveRequiredComponents (26ms)
	FinalizeReload (5258ms)
		ReleaseScriptCaches (0ms)
		RebuildScriptCaches (0ms)
		SetupLoadedEditorAssemblies (1926ms)
			LogAssemblyErrors (0ms)
			InitializePlatformSupportModulesInManaged (22ms)
			SetLoadedEditorAssemblies (12ms)
			BeforeProcessingInitializeOnLoad (349ms)
			ProcessInitializeOnLoadAttributes (1409ms)
			ProcessInitializeOnLoadMethodAttributes (100ms)
			AfterProcessingInitializeOnLoad (33ms)
			EditorAssembliesLoaded (0ms)
		ExecutionOrderSort2 (0ms)
		AwakeInstancesAfterBackupRestoration (39ms)
Refreshing native plugins compatible for Editor in 20.60 ms, found 3 plugins.
Preloading 0 native plugins for Editor in 0.00 ms.
Unloading 3159 Unused Serialized files (Serialized files now loaded: 0)
Unloading 34 unused Assets / (35.4 KB). Loaded Objects now: 3772.
Memory consumption went from 143.1 MB to 143.0 MB.
Total: 37.159100 ms (FindLiveObjects: 1.416200 ms CreateObjectMapping: 0.889100 ms MarkObjects: 34.604400 ms  DeleteObjects: 0.246400 ms)

Prepare: number of updated asset objects reloaded= 2
AssetImportParameters requested are different than current active one (requested -> active):
  custom:video-decoder-webm-vp8: 9c59270c3fd7afecdb556c50c9e8de78 -> 
  custom:SearchIndexIgnoredProperties: e643bd26f0fe6173181afceb89e7c659 -> 
  custom:audio-encoder-webm-vorbis: bf7c407c2cedff20999df2af8eb42d56 -> 
  custom:AudioImporter_EditorPlatform: d09bf68614088b80899f8185d706f6e7 -> 
  custom:audio-decoder-ogg-vorbis: bf7c407c2cedff20999df2af8eb42d56 -> 
  custom:video-encoder-webm-vp8: eb34c28f22e8b96e1ab97ce403110664 -> 
  custom:container-demuxer-ogg: 62fdf1f143b41e24485cea50d1cbac27 -> 
  custom:framework-win-MediaFoundation: 216162199b28c13a410421893ffa2e32 -> 
  custom:video-decoder-ogg-theora: a1e56fd34408186e4bbccfd4996cb3dc -> 
  custom:container-muxer-webm: aa71ff27fc2769a1b78a27578f13a17b -> 
  custom:CustomObjectIndexerAttribute: 756ad292c208cfabdd7b50bc23989ffe -> 
  custom:container-demuxer-webm: 4f35f7cbe854078d1ac9338744f61a02 -> 
========================================================================
Received Import Request.
  Time since last request: 36.955013 seconds.
  path: Assets/_TerrainAutoUpgrade/layer_Cliff (Layered Rock)b956af97c33fc3d7.terrainlayer
  artifactKey: Guid(b56f5933124806d418eada38f4338991) Importer(815301076,1909f56bfc062723c751e8b465ee728b)
Start importing Assets/_TerrainAutoUpgrade/layer_Cliff (Layered Rock)b956af97c33fc3d7.terrainlayer using Guid(b56f5933124806d418eada38f4338991) Importer(815301076,1909f56bfc062723c751e8b465ee728b)  -> (artifact id: '5958687bfef16a27e91d8499eaf5cf8f') in 0.766426 seconds
Number of updated asset objects reloaded before import = 0
Number of asset objects unloaded after import = 1
========================================================================
Received Import Request.
  Time since last request: 11.380227 seconds.
  path: Assets/TextMesh Pro/Fonts
  artifactKey: Guid(1568729290e562549b99311a8d620e64) Importer(815301076,1909f56bfc062723c751e8b465ee728b)
Start importing Assets/TextMesh Pro/Fonts using Guid(1568729290e562549b99311a8d620e64) Importer(815301076,1909f56bfc062723c751e8b465ee728b)  -> (artifact id: 'b894a1219585d31dc40f335b638a3c1c') in 0.001547 seconds
Number of updated asset objects reloaded before import = 0
Number of asset objects unloaded after import = 0
========================================================================
Received Import Request.
  Time since last request: 0.050951 seconds.
  path: Assets/TextMesh Pro/Fonts/LiberationSans.ttf
  artifactKey: Guid(e3265ab4bf004d28a9537516768c1c75) Importer(815301076,1909f56bfc062723c751e8b465ee728b)
Start importing Assets/TextMesh Pro/Fonts/LiberationSans.ttf using Guid(e3265ab4bf004d28a9537516768c1c75) Importer(815301076,1909f56bfc062723c751e8b465ee728b)  -> (artifact id: 'f0cbf5f30de9f9af4a46619f908a2412') in 0.162883 seconds
Number of updated asset objects reloaded before import = 0
Number of asset objects unloaded after import = 4
========================================================================
Received Import Request.
  Time since last request: 5.316753 seconds.
  path: Assets/TextMesh Pro/Examples & Extras/Resources
  artifactKey: Guid(93fbac82cd7a5cc4aac978cae49ab6c0) Importer(815301076,1909f56bfc062723c751e8b465ee728b)
Start importing Assets/TextMesh Pro/Examples & Extras/Resources using Guid(93fbac82cd7a5cc4aac978cae49ab6c0) Importer(815301076,1909f56bfc062723c751e8b465ee728b)  -> (artifact id: 'ece34d0453856448e1b128105c22f7e4') in 0.006990 seconds
Number of updated asset objects reloaded before import = 0
Number of asset objects unloaded after import = 0
========================================================================
Received Import Request.
  Time since last request: 1.313993 seconds.
  path: Assets/TextMesh Pro/Examples & Extras/Resources/Fonts & Materials
  artifactKey: Guid(2d0a8614f4257db469932b491884eba4) Importer(815301076,1909f56bfc062723c751e8b465ee728b)
Start importing Assets/TextMesh Pro/Examples & Extras/Resources/Fonts & Materials using Guid(2d0a8614f4257db469932b491884eba4) Importer(815301076,1909f56bfc062723c751e8b465ee728b)  -> (artifact id: '24dc9a587d9a7d87c956a1e73ba11056') in 0.002112 seconds
Number of updated asset objects reloaded before import = 0
Number of asset objects unloaded after import = 0
========================================================================
Received Import Request.
  Time since last request: 322.295834 seconds.
  path: Assets/20 Logos PSD/Background/Background.png
  artifactKey: Guid(3b26ead8969ab354ab909f303ac398aa) Importer(815301076,1909f56bfc062723c751e8b465ee728b)
Start importing Assets/20 Logos PSD/Background/Background.png using Guid(3b26ead8969ab354ab909f303ac398aa) Importer(815301076,1909f56bfc062723c751e8b465ee728b)  -> (artifact id: '5a5688384d81bf046f59be4cab9a1b40') in 0.125612 seconds
Number of updated asset objects reloaded before import = 0
Number of asset objects unloaded after import = 3
========================================================================
Received Import Request.
  Time since last request: 2.744800 seconds.
  path: Assets/20 Logos PSD/Fonts/foo
  artifactKey: Guid(890d8e932a5d2524f93df3a2d0bd75c8) Importer(815301076,1909f56bfc062723c751e8b465ee728b)
Start importing Assets/20 Logos PSD/Fonts/foo using Guid(890d8e932a5d2524f93df3a2d0bd75c8) Importer(815301076,1909f56bfc062723c751e8b465ee728b)  -> (artifact id: '9ef0dc8449979f9f52d37555f4849be4') in 0.001630 seconds
Number of updated asset objects reloaded before import = 0
Number of asset objects unloaded after import = 0
========================================================================
Received Import Request.
  Time since last request: 0.063281 seconds.
  path: Assets/20 Logos PSD/Fonts/foo/foo.ttf
  artifactKey: Guid(da7bcbdc7c217d744b0b7639bf742831) Importer(815301076,1909f56bfc062723c751e8b465ee728b)
Start importing Assets/20 Logos PSD/Fonts/foo/foo.ttf using Guid(da7bcbdc7c217d744b0b7639bf742831) Importer(815301076,1909f56bfc062723c751e8b465ee728b)  -> (artifact id: '8ed3f6edac7f69887c5bdd511a6ada08') in 0.032543 seconds
Number of updated asset objects reloaded before import = 0
Number of asset objects unloaded after import = 4
========================================================================
Received Import Request.
  Time since last request: 2.567512 seconds.
  path: Assets/20 Logos PSD/Fonts/foo/typodermic-eula-02-2014.pdf
  artifactKey: Guid(35096090ed60c4d40b0d956bf456a38d) Importer(815301076,1909f56bfc062723c751e8b465ee728b)
Start importing Assets/20 Logos PSD/Fonts/foo/typodermic-eula-02-2014.pdf using Guid(35096090ed60c4d40b0d956bf456a38d) Importer(815301076,1909f56bfc062723c751e8b465ee728b)  -> (artifact id: '97ef7971b6f8b6ee8b4e92193ff00f7d') in 0.003765 seconds
Number of updated asset objects reloaded before import = 0
Number of asset objects unloaded after import = 1
========================================================================
Received Import Request.
  Time since last request: 8.611665 seconds.
  path: Assets/20 Logos PSD/Fonts/firasansheavy/FiraSans-Bold.otf
  artifactKey: Guid(95c315c3de0250444a80b0d0ce336e8c) Importer(815301076,1909f56bfc062723c751e8b465ee728b)
Start importing Assets/20 Logos PSD/Fonts/firasansheavy/FiraSans-Bold.otf using Guid(95c315c3de0250444a80b0d0ce336e8c) Importer(815301076,1909f56bfc062723c751e8b465ee728b)  -> (artifact id: '4e1fc1787ac5d223af032ec13f3318f7') in 0.124712 seconds
Number of updated asset objects reloaded before import = 0
Number of asset objects unloaded after import = 4
========================================================================
Received Import Request.
  Time since last request: 0.209615 seconds.
  path: Assets/20 Logos PSD/Fonts/firasansheavy/FiraSans-BookItalic.otf
  artifactKey: Guid(a3983d1a4d2d3ba4db84d9f1f7623cf7) Importer(815301076,1909f56bfc062723c751e8b465ee728b)
Start importing Assets/20 Logos PSD/Fonts/firasansheavy/FiraSans-BookItalic.otf using Guid(a3983d1a4d2d3ba4db84d9f1f7623cf7) Importer(815301076,1909f56bfc062723c751e8b465ee728b)  -> (artifact id: '3b0d5442da948b21b582f40697f7775c') in 6.798263 seconds
Number of updated asset objects reloaded before import = 0
Number of asset objects unloaded after import = 4
========================================================================
Received Import Request.
  Time since last request: 0.001221 seconds.
  path: Assets/20 Logos PSD/Fonts/firasansheavy/FiraSans-Hair.otf
  artifactKey: Guid(187a66d7b5cc6ec4f876a254b1ac3027) Importer(815301076,1909f56bfc062723c751e8b465ee728b)
Start importing Assets/20 Logos PSD/Fonts/firasansheavy/FiraSans-Hair.otf using Guid(187a66d7b5cc6ec4f876a254b1ac3027) Importer(815301076,1909f56bfc062723c751e8b465ee728b)  -> (artifact id: '7adc634a6554c9b94b7cc61013e45d57') in 0.491554 seconds
Number of updated asset objects reloaded before import = 0
Number of asset objects unloaded after import = 4
========================================================================
Received Import Request.
  Time since last request: 0.000146 seconds.
  path: Assets/20 Logos PSD/Fonts/firasansheavy/FiraSans-HairItalic.otf
  artifactKey: Guid(1afb78f05da5e3c49a1143e721c74a2f) Importer(815301076,1909f56bfc062723c751e8b465ee728b)
Start importing Assets/20 Logos PSD/Fonts/firasansheavy/FiraSans-HairItalic.otf using Guid(1afb78f05da5e3c49a1143e721c74a2f) Importer(815301076,1909f56bfc062723c751e8b465ee728b)  -> (artifact id: '0f35bade57f1fc2f606ab0dbfc244334') in 0.298138 seconds
Number of updated asset objects reloaded before import = 0
Number of asset objects unloaded after import = 4
========================================================================
Received Import Request.
  Time since last request: 0.000085 seconds.
  path: Assets/20 Logos PSD/Fonts/firasansheavy/FiraSans-SemiBoldItalic.otf
  artifactKey: Guid(878244940dd659f44839fbea3e15b2da) Importer(815301076,1909f56bfc062723c751e8b465ee728b)
Start importing Assets/20 Logos PSD/Fonts/firasansheavy/FiraSans-SemiBoldItalic.otf using Guid(878244940dd659f44839fbea3e15b2da) Importer(815301076,1909f56bfc062723c751e8b465ee728b)  -> (artifact id: '6348c948923caf6dbef33ddd4006913a') in 0.204345 seconds
Number of updated asset objects reloaded before import = 0
Number of asset objects unloaded after import = 4
========================================================================
Received Import Request.
  Time since last request: 0.000124 seconds.
  path: Assets/20 Logos PSD/Fonts/firasansheavy/FiraSans-EightItalic.otf
  artifactKey: Guid(f22f4eeaa21d3844ca3d0f2d42f2e66e) Importer(815301076,1909f56bfc062723c751e8b465ee728b)
Start importing Assets/20 Logos PSD/Fonts/firasansheavy/FiraSans-EightItalic.otf using Guid(f22f4eeaa21d3844ca3d0f2d42f2e66e) Importer(815301076,1909f56bfc062723c751e8b465ee728b)  -> (artifact id: '3405443732f860525f9bf80a526e2498') in 0.244282 seconds
Number of updated asset objects reloaded before import = 0
Number of asset objects unloaded after import = 4
========================================================================
Received Import Request.
  Time since last request: 0.006696 seconds.
  path: Assets/20 Logos PSD/Fonts/firasansheavy/FiraSans-Four.otf
  artifactKey: Guid(a783f8a04c200c148992a27ab2f5b20a) Importer(815301076,1909f56bfc062723c751e8b465ee728b)
Start importing Assets/20 Logos PSD/Fonts/firasansheavy/FiraSans-Four.otf using Guid(a783f8a04c200c148992a27ab2f5b20a) Importer(815301076,1909f56bfc062723c751e8b465ee728b)  -> (artifact id: '28ab210a7054d896adf868edd83958c0') in 0.164742 seconds
Number of updated asset objects reloaded before import = 0
Number of asset objects unloaded after import = 4
========================================================================
Received Import Request.
  Time since last request: 0.000136 seconds.
  path: Assets/20 Logos PSD/Fonts/firasansheavy/FiraSans-Medium.otf
  artifactKey: Guid(b19db096884ed2344aa9e8fd25182e12) Importer(815301076,1909f56bfc062723c751e8b465ee728b)
Start importing Assets/20 Logos PSD/Fonts/firasansheavy/FiraSans-Medium.otf using Guid(b19db096884ed2344aa9e8fd25182e12) Importer(815301076,1909f56bfc062723c751e8b465ee728b)  -> (artifact id: '45bda12c0b9f58fe5911595e27677823') in 0.221401 seconds
Number of updated asset objects reloaded before import = 0
Number of asset objects unloaded after import = 4
========================================================================
Received Import Request.
  Time since last request: 0.000720 seconds.
  path: Assets/20 Logos PSD/Fonts/firasansheavy/FiraSans-Two.otf
  artifactKey: Guid(af8d5d4dff2042a4ca6523dca63aa848) Importer(815301076,1909f56bfc062723c751e8b465ee728b)
Start importing Assets/20 Logos PSD/Fonts/firasansheavy/FiraSans-Two.otf using Guid(af8d5d4dff2042a4ca6523dca63aa848) Importer(815301076,1909f56bfc062723c751e8b465ee728b)  -> (artifact id: 'ae0482425ee75571a6fbb2dc082f1cf2') in 0.098740 seconds
Number of updated asset objects reloaded before import = 0
Number of asset objects unloaded after import = 4
========================================================================
Received Import Request.
  Time since last request: 0.000189 seconds.
  path: Assets/20 Logos PSD/Fonts/firasansheavy/FiraSans-ThinItalic.otf
  artifactKey: Guid(14eeb8134d2dc894e8c894228fbe44d8) Importer(815301076,1909f56bfc062723c751e8b465ee728b)
Start importing Assets/20 Logos PSD/Fonts/firasansheavy/FiraSans-ThinItalic.otf using Guid(14eeb8134d2dc894e8c894228fbe44d8) Importer(815301076,1909f56bfc062723c751e8b465ee728b)  -> (artifact id: '4140dd39e5833bf1263b5d7e54467888') in 0.160389 seconds
Number of updated asset objects reloaded before import = 0
Number of asset objects unloaded after import = 4
========================================================================
Received Import Request.
  Time since last request: 0.001734 seconds.
  path: Assets/20 Logos PSD/Fonts/firasansheavy/FiraSans-Book.otf
  artifactKey: Guid(7828a4090a5ca0946b4d0cae809cbbe6) Importer(815301076,1909f56bfc062723c751e8b465ee728b)
Start importing Assets/20 Logos PSD/Fonts/firasansheavy/FiraSans-Book.otf using Guid(7828a4090a5ca0946b4d0cae809cbbe6) Importer(815301076,1909f56bfc062723c751e8b465ee728b)  -> (artifact id: 'fc54cc9b33b4aa3d132d4866d6159cad') in 0.100263 seconds
Number of updated asset objects reloaded before import = 0
Number of asset objects unloaded after import = 4
========================================================================
Received Import Request.
  Time since last request: 0.000063 seconds.
  path: Assets/20 Logos PSD/Fonts/firasansheavy/FiraSans-ExtraBold.otf
  artifactKey: Guid(053bb247f3eafa049ab4c68bf211e0a9) Importer(815301076,1909f56bfc062723c751e8b465ee728b)
Start importing Assets/20 Logos PSD/Fonts/firasansheavy/FiraSans-ExtraBold.otf using Guid(053bb247f3eafa049ab4c68bf211e0a9) Importer(815301076,1909f56bfc062723c751e8b465ee728b)  -> (artifact id: '71ae439835f355428566288f61b5eaf9') in 0.157827 seconds
Number of updated asset objects reloaded before import = 0
Number of asset objects unloaded after import = 4
========================================================================
Received Import Request.
  Time since last request: 0.000228 seconds.
  path: Assets/20 Logos PSD/Fonts/firasansheavy/FiraSans-ExtraBoldItalic.otf
  artifactKey: Guid(04f21b61e36a49341872bd00b5828ab3) Importer(815301076,1909f56bfc062723c751e8b465ee728b)
Start importing Assets/20 Logos PSD/Fonts/firasansheavy/FiraSans-ExtraBoldItalic.otf using Guid(04f21b61e36a49341872bd00b5828ab3) Importer(815301076,1909f56bfc062723c751e8b465ee728b)  -> (artifact id: 'a484734302667842ce2f31e1226b1e06') in 0.113030 seconds
Number of updated asset objects reloaded before import = 0
Number of asset objects unloaded after import = 4
========================================================================
Received Import Request.
  Time since last request: 0.000717 seconds.
  path: Assets/20 Logos PSD/Fonts/firasansheavy/FiraSans-Italic.otf
  artifactKey: Guid(4ec76f95b44477b44898525f65a8d9f1) Importer(815301076,1909f56bfc062723c751e8b465ee728b)
Start importing Assets/20 Logos PSD/Fonts/firasansheavy/FiraSans-Italic.otf using Guid(4ec76f95b44477b44898525f65a8d9f1) Importer(815301076,1909f56bfc062723c751e8b465ee728b)  -> (artifact id: '65867647e6f8eb5f971e2c9fd7eeec6c') in 0.177064 seconds
Number of updated asset objects reloaded before import = 0
Number of asset objects unloaded after import = 4
========================================================================
Received Import Request.
  Time since last request: 0.009154 seconds.
  path: Assets/20 Logos PSD/Fonts/firasansheavy/FiraSans-Thin.otf
  artifactKey: Guid(4b1da26bdf7b5134eb11077a4d82bad6) Importer(815301076,1909f56bfc062723c751e8b465ee728b)
Start importing Assets/20 Logos PSD/Fonts/firasansheavy/FiraSans-Thin.otf using Guid(4b1da26bdf7b5134eb11077a4d82bad6) Importer(815301076,1909f56bfc062723c751e8b465ee728b)  -> (artifact id: '552ec175e2adfd0c2649db0bb0394cb8') in 0.292429 seconds
Number of updated asset objects reloaded before import = 0
Number of asset objects unloaded after import = 4
========================================================================
Received Import Request.
  Time since last request: 0.004328 seconds.
  path: Assets/20 Logos PSD/Fonts/firasansheavy/FiraSans-MediumItalic.otf
  artifactKey: Guid(7f3e40f973be9d440a6350b335c22413) Importer(815301076,1909f56bfc062723c751e8b465ee728b)
Start importing Assets/20 Logos PSD/Fonts/firasansheavy/FiraSans-MediumItalic.otf using Guid(7f3e40f973be9d440a6350b335c22413) Importer(815301076,1909f56bfc062723c751e8b465ee728b)  -> (artifact id: '42e1518810a7d69c1fbfb0b5bf349711') in 0.383453 seconds
Number of updated asset objects reloaded before import = 0
Number of asset objects unloaded after import = 4
========================================================================
Received Import Request.
  Time since last request: 0.001081 seconds.
  path: Assets/20 Logos PSD/Fonts/firasansheavy/FiraSans-HeavyItalic.otf
  artifactKey: Guid(fc3a8e93767516749a6de60f64230a63) Importer(815301076,1909f56bfc062723c751e8b465ee728b)
Start importing Assets/20 Logos PSD/Fonts/firasansheavy/FiraSans-HeavyItalic.otf using Guid(fc3a8e93767516749a6de60f64230a63) Importer(815301076,1909f56bfc062723c751e8b465ee728b)  -> (artifact id: '64ebf78c31f21194c039039eaba9b0db') in 0.308785 seconds
Number of updated asset objects reloaded before import = 0
Number of asset objects unloaded after import = 4
========================================================================
Received Import Request.
  Time since last request: 0.002100 seconds.
  path: Assets/20 Logos PSD/Fonts/firasansheavy/FiraSans-LightItalic.otf
  artifactKey: Guid(2688a8cf4377174468983905fdd9a22d) Importer(815301076,1909f56bfc062723c751e8b465ee728b)
Start importing Assets/20 Logos PSD/Fonts/firasansheavy/FiraSans-LightItalic.otf using Guid(2688a8cf4377174468983905fdd9a22d) Importer(815301076,1909f56bfc062723c751e8b465ee728b)  -> (artifact id: '97de6bb18c43e17eab6891772da024a4') in 0.229680 seconds
Number of updated asset objects reloaded before import = 0
Number of asset objects unloaded after import = 4
========================================================================
Received Import Request.
  Time since last request: 0.001623 seconds.
  path: Assets/20 Logos PSD/Fonts/firasansheavy/FiraSans-TwoItalic.otf
  artifactKey: Guid(4b574b87a5a13fa4cacc29b1d7aa25fe) Importer(815301076,1909f56bfc062723c751e8b465ee728b)
Start importing Assets/20 Logos PSD/Fonts/firasansheavy/FiraSans-TwoItalic.otf using Guid(4b574b87a5a13fa4cacc29b1d7aa25fe) Importer(815301076,1909f56bfc062723c751e8b465ee728b)  -> (artifact id: '97e7e2eb7c314e0a52cac7c44d403c75') in 0.468358 seconds
Number of updated asset objects reloaded before import = 0
Number of asset objects unloaded after import = 4
========================================================================
Received Import Request.
  Time since last request: 0.001810 seconds.
  path: Assets/20 Logos PSD/Fonts/firasansheavy/FiraSans-Eight.otf
  artifactKey: Guid(6b63fd82e47252a44b4c309ed0f0cf24) Importer(815301076,1909f56bfc062723c751e8b465ee728b)
Start importing Assets/20 Logos PSD/Fonts/firasansheavy/FiraSans-Eight.otf using Guid(6b63fd82e47252a44b4c309ed0f0cf24) Importer(815301076,1909f56bfc062723c751e8b465ee728b)  -> (artifact id: 'd46f611e26f7f932ee5ace8ac170ad04') in 0.147967 seconds
Number of updated asset objects reloaded before import = 0
Number of asset objects unloaded after import = 4
========================================================================
Received Import Request.
  Time since last request: 0.008870 seconds.
  path: Assets/20 Logos PSD/Fonts/firasansheavy/FiraSans-Heavy.otf
  artifactKey: Guid(ebc3770a1de54774fb790a43a8975fe7) Importer(815301076,1909f56bfc062723c751e8b465ee728b)
Start importing Assets/20 Logos PSD/Fonts/firasansheavy/FiraSans-Heavy.otf using Guid(ebc3770a1de54774fb790a43a8975fe7) Importer(815301076,1909f56bfc062723c751e8b465ee728b)  -> (artifact id: 'b25feb4c791ffeb93e60b14ba2d7868f') in 0.157234 seconds
Number of updated asset objects reloaded before import = 0
Number of asset objects unloaded after import = 4
========================================================================
Received Import Request.
  Time since last request: 0.000765 seconds.
  path: Assets/20 Logos PSD/Fonts/firasansheavy/FiraSans-ExtraLightItalic.otf
  artifactKey: Guid(7fcd2b8d2ee03814e8fc918f172bfef5) Importer(815301076,1909f56bfc062723c751e8b465ee728b)
Start importing Assets/20 Logos PSD/Fonts/firasansheavy/FiraSans-ExtraLightItalic.otf using Guid(7fcd2b8d2ee03814e8fc918f172bfef5) Importer(815301076,1909f56bfc062723c751e8b465ee728b)  -> (artifact id: '58d97d3b5b9afed5ca1971a669e7414e') in 0.074232 seconds
Number of updated asset objects reloaded before import = 0
Number of asset objects unloaded after import = 4
========================================================================
Received Import Request.
  Time since last request: 0.000074 seconds.
  path: Assets/20 Logos PSD/Fonts/firasansheavy/FiraSans-Regular.otf
  artifactKey: Guid(e693380601f2f364cbfe5e4415c3fd80) Importer(815301076,1909f56bfc062723c751e8b465ee728b)
Start importing Assets/20 Logos PSD/Fonts/firasansheavy/FiraSans-Regular.otf using Guid(e693380601f2f364cbfe5e4415c3fd80) Importer(815301076,1909f56bfc062723c751e8b465ee728b)  -> (artifact id: '8c6e560e0a4862d1a494bc81cdc5591d') in 0.114333 seconds
Number of updated asset objects reloaded before import = 0
Number of asset objects unloaded after import = 4
========================================================================
Received Import Request.
  Time since last request: 0.001058 seconds.
  path: Assets/20 Logos PSD/Fonts/firasansheavy/FiraSans-ExtraLight.otf
  artifactKey: Guid(763d5a7548f0df34eb3535bf9675879c) Importer(815301076,1909f56bfc062723c751e8b465ee728b)
Start importing Assets/20 Logos PSD/Fonts/firasansheavy/FiraSans-ExtraLight.otf using Guid(763d5a7548f0df34eb3535bf9675879c) Importer(815301076,1909f56bfc062723c751e8b465ee728b)  -> (artifact id: '1e2ece44067374bd93011260a1578c27') in 0.078452 seconds
Number of updated asset objects reloaded before import = 0
Number of asset objects unloaded after import = 4
========================================================================
Received Import Request.
  Time since last request: 0.000176 seconds.
  path: Assets/20 Logos PSD/Fonts/firasansheavy/FiraSans-Light.otf
  artifactKey: Guid(19141cee87d28c4428ed0ac2b1748a95) Importer(815301076,1909f56bfc062723c751e8b465ee728b)
Start importing Assets/20 Logos PSD/Fonts/firasansheavy/FiraSans-Light.otf using Guid(19141cee87d28c4428ed0ac2b1748a95) Importer(815301076,1909f56bfc062723c751e8b465ee728b)  -> (artifact id: '3c9ccf536b1b97244318dcfb3c5bbc9a') in 0.325610 seconds
Number of updated asset objects reloaded before import = 0
Number of asset objects unloaded after import = 4
========================================================================
Received Import Request.
  Time since last request: 0.004111 seconds.
  path: Assets/20 Logos PSD/Fonts/firasansheavy/FiraSans-FourItalic.otf
  artifactKey: Guid(5ffb9536e48da21498809b52b2afd86a) Importer(815301076,1909f56bfc062723c751e8b465ee728b)
Start importing Assets/20 Logos PSD/Fonts/firasansheavy/FiraSans-FourItalic.otf using Guid(5ffb9536e48da21498809b52b2afd86a) Importer(815301076,1909f56bfc062723c751e8b465ee728b)  -> (artifact id: '5c13df2e0117196bc56070cf222a697e') in 0.144661 seconds
Number of updated asset objects reloaded before import = 0
Number of asset objects unloaded after import = 4
========================================================================
Received Import Request.
  Time since last request: 0.000071 seconds.
  path: Assets/20 Logos PSD/Fonts/chunkfiveex/Chunkfive Ex.ttf
  artifactKey: Guid(24bf2e415c90d3e46990a9fcf5ac8e04) Importer(815301076,1909f56bfc062723c751e8b465ee728b)
Start importing Assets/20 Logos PSD/Fonts/chunkfiveex/Chunkfive Ex.ttf using Guid(24bf2e415c90d3e46990a9fcf5ac8e04) Importer(815301076,1909f56bfc062723c751e8b465ee728b)  -> (artifact id: '052e86b7544fd434cf237f50932f963d') in 0.299881 seconds
Number of updated asset objects reloaded before import = 0
Number of asset objects unloaded after import = 4
========================================================================
Received Import Request.
  Time since last request: 5.995973 seconds.
  path: Assets/20 Logos PSD/Fonts/Read Me.txt
  artifactKey: Guid(4cdcb422e1977974585b92b5f3b2c66b) Importer(815301076,1909f56bfc062723c751e8b465ee728b)
Start importing Assets/20 Logos PSD/Fonts/Read Me.txt using Guid(4cdcb422e1977974585b92b5f3b2c66b) Importer(815301076,1909f56bfc062723c751e8b465ee728b)  -> (artifact id: '23b79dae3fb727fcb4a465e6b9d64662') in 0.006130 seconds
Number of updated asset objects reloaded before import = 0
Number of asset objects unloaded after import = 1
========================================================================
Received Import Request.
  Time since last request: 44.796444 seconds.
  path: Assets/20 Logos PSD/Fonts/gilam/Gilam-ThinItalicDEMO.otf
  artifactKey: Guid(6ace2bbc3eb00bf4890451d4fff0e470) Importer(815301076,1909f56bfc062723c751e8b465ee728b)
Start importing Assets/20 Logos PSD/Fonts/gilam/Gilam-ThinItalicDEMO.otf using Guid(6ace2bbc3eb00bf4890451d4fff0e470) Importer(815301076,1909f56bfc062723c751e8b465ee728b)  -> (artifact id: '1c4f9b1e09b58c9af93134398dd94d1c') in 0.045940 seconds
Number of updated asset objects reloaded before import = 0
Number of asset objects unloaded after import = 4
========================================================================
Received Import Request.
  Time since last request: 96.583276 seconds.
  path: Assets/20 Logos PSD/Fonts/peacesans/Peace Sans Webfont.ttf
  artifactKey: Guid(f5e7dee13b48c5644b6fe87cb6185509) Importer(815301076,1909f56bfc062723c751e8b465ee728b)
Start importing Assets/20 Logos PSD/Fonts/peacesans/Peace Sans Webfont.ttf using Guid(f5e7dee13b48c5644b6fe87cb6185509) Importer(815301076,1909f56bfc062723c751e8b465ee728b)  -> (artifact id: '067f0a2ffcd70d94cad21cb1b733d1e3') in 0.044512 seconds
Number of updated asset objects reloaded before import = 0
Number of asset objects unloaded after import = 4
========================================================================
Received Import Request.
  Time since last request: 411.663371 seconds.
  path: Assets/TextMesh Pro/Resources/Fonts & Materials/LiberationSans SDF - Drop Shadow.mat
  artifactKey: Guid(e73a58f6e2794ae7b1b7e50b7fb811b0) Importer(815301076,1909f56bfc062723c751e8b465ee728b)
Start importing Assets/TextMesh Pro/Resources/Fonts & Materials/LiberationSans SDF - Drop Shadow.mat using Guid(e73a58f6e2794ae7b1b7e50b7fb811b0) Importer(815301076,1909f56bfc062723c751e8b465ee728b)  -> (artifact id: '4355e2354f3264c8d9134b918b11c655') in 0.541709 seconds
Number of updated asset objects reloaded before import = 0
Number of asset objects unloaded after import = 2
========================================================================
Received Import Request.
  Time since last request: 39.593551 seconds.
  path: Assets/TextMesh Pro/Resources/Fonts & Materials/Personal Used.jpg
  artifactKey: Guid(ca5704a76b2381343bb998fd2e9f15f0) Importer(815301076,1909f56bfc062723c751e8b465ee728b)
Start importing Assets/TextMesh Pro/Resources/Fonts & Materials/Personal Used.jpg using Guid(ca5704a76b2381343bb998fd2e9f15f0) Importer(815301076,1909f56bfc062723c751e8b465ee728b)  -> (artifact id: '836a9ad9f6f5917928171f40913c23e8') in 0.135931 seconds
Number of updated asset objects reloaded before import = 0
Number of asset objects unloaded after import = 2
========================================================================
Received Import Request.
  Time since last request: 174.960656 seconds.
  path: Assets/TextMesh Pro/Shaders/TMPro_Surface.cginc
  artifactKey: Guid(d930090c0cd643c7b55f19a38538c162) Importer(815301076,1909f56bfc062723c751e8b465ee728b)
Start importing Assets/TextMesh Pro/Shaders/TMPro_Surface.cginc using Guid(d930090c0cd643c7b55f19a38538c162) Importer(815301076,1909f56bfc062723c751e8b465ee728b)  -> (artifact id: 'dae6208e2dd88ec03f27d5c3bed75aef') in 0.039044 seconds
Number of updated asset objects reloaded before import = 0
Number of asset objects unloaded after import = 1
========================================================================
Received Import Request.
  Time since last request: 437.053924 seconds.
  path: Assets/TextMesh Pro/Resources/Fonts & Materials/Under Hiport.otf
  artifactKey: Guid(6b9894f3a22e2674e8734292ed2e85d7) Importer(815301076,1909f56bfc062723c751e8b465ee728b)
Start importing Assets/TextMesh Pro/Resources/Fonts & Materials/Under Hiport.otf using Guid(6b9894f3a22e2674e8734292ed2e85d7) Importer(815301076,1909f56bfc062723c751e8b465ee728b)  -> (artifact id: '0698be72381cc38d4461ca00d74226cb') in 0.112227 seconds
Number of updated asset objects reloaded before import = 0
Number of asset objects unloaded after import = 4
========================================================================
Received Import Request.
  Time since last request: 317.975875 seconds.
  path: Assets/TextMesh Pro/Resources/Fonts & Materials/supernova/Personal Used.jpg
  artifactKey: Guid(abce3765ec6781e4bbef41557ace3391) Importer(815301076,1909f56bfc062723c751e8b465ee728b)
Start importing Assets/TextMesh Pro/Resources/Fonts & Materials/supernova/Personal Used.jpg using Guid(abce3765ec6781e4bbef41557ace3391) Importer(815301076,1909f56bfc062723c751e8b465ee728b)  -> (artifact id: '618978a0ad744a8cb219e0913442909f') in 0.057792 seconds
Number of updated asset objects reloaded before import = 0
Number of asset objects unloaded after import = 2
========================================================================
Received Import Request.
  Time since last request: 31.837417 seconds.
  path: Assets/TextMesh Pro/Resources/Fonts & Materials/under_hiport/Under Hiport.otf
  artifactKey: Guid(b02cd6fd7bd64804d8907bbd218bc71e) Importer(815301076,1909f56bfc062723c751e8b465ee728b)
Start importing Assets/TextMesh Pro/Resources/Fonts & Materials/under_hiport/Under Hiport.otf using Guid(b02cd6fd7bd64804d8907bbd218bc71e) Importer(815301076,1909f56bfc062723c751e8b465ee728b)  -> (artifact id: 'ff300006f788572efb54049558d98970') in 0.081063 seconds
Number of updated asset objects reloaded before import = 0
Number of asset objects unloaded after import = 4
========================================================================
Received Prepare
Begin MonoManager ReloadAssembly
C:\build\output\Unity-Technologies\mono\mono\metadata\icall.c:1842:
C:\build\output\Unity-Technologies\mono\mono\metadata\icall.c:1842:
C:\build\output\Unity-Technologies\mono\mono\metadata\icall.c:1842:
C:\build\output\Unity-Technologies\mono\mono\metadata\icall.c:1842:
C:\build\output\Unity-Technologies\mono\mono\metadata\icall.c:1842:
C:\build\output\Unity-Technologies\mono\mono\metadata\icall.c:1842:
C:\build\output\Unity-Technologies\mono\mono\metadata\icall.c:1842:
C:\build\output\Unity-Technologies\mono\mono\metadata\icall.c:1842:
C:\build\output\Unity-Technologies\mono\mono\metadata\icall.c:1842:
C:\build\output\Unity-Technologies\mono\mono\metadata\icall.c:1842:
C:\build\output\Unity-Technologies\mono\mono\metadata\icall.c:1842:
C:\build\output\Unity-Technologies\mono\mono\metadata\icall.c:1842:
Symbol file LoadedFromMemory doesn't match image C:\Business Analysis\TeamBooYah\TeamBooYah\Library\PackageCache\com.unity.visualscripting@1.8.0\Editor\VisualScripting.Core\Dependencies\YamlDotNet\Unity.VisualScripting.YamlDotNet.dll
Symbol file LoadedFromMemory doesn't match image C:\Business Analysis\TeamBooYah\TeamBooYah\Library\PackageCache\com.unity.visualscripting@1.8.0\Editor\VisualScripting.Core\Dependencies\DotNetZip\Unity.VisualScripting.IonicZip.dll
- Loaded All Assemblies, in 14.133 seconds
Refreshing native plugins compatible for Editor in 11.84 ms, found 3 plugins.
Native extension for WindowsStandalone target not found
Mono: successfully reloaded assembly
- Finished resetting the current domain, in  5.913 seconds
Domain Reload Profiling: 19899ms
	BeginReloadAssembly (4142ms)
		ExecutionOrderSort (0ms)
		DisableScriptedObjects (237ms)
		BackupInstance (0ms)
		ReleaseScriptingObjects (1ms)
		CreateAndSetChildDomain (1598ms)
	RebuildCommonClasses (923ms)
	RebuildNativeTypeToScriptingClass (537ms)
	initialDomainReloadingComplete (1324ms)
	LoadAllAssembliesAndSetupDomain (7056ms)
		LoadAssemblies (7030ms)
		RebuildTransferFunctionScriptingTraits (0ms)
		AnalyzeDomain (1534ms)
			TypeCache.Refresh (1519ms)
				TypeCache.ScanAssembly (1200ms)
			ScanForSourceGeneratedMonoScriptInfo (0ms)
			ResolveRequiredComponents (14ms)
	FinalizeReload (5916ms)
		ReleaseScriptCaches (0ms)
		RebuildScriptCaches (0ms)
		SetupLoadedEditorAssemblies (2267ms)
			LogAssemblyErrors (0ms)
			InitializePlatformSupportModulesInManaged (23ms)
			SetLoadedEditorAssemblies (15ms)
			BeforeProcessingInitializeOnLoad (284ms)
			ProcessInitializeOnLoadAttributes (1841ms)
			ProcessInitializeOnLoadMethodAttributes (76ms)
			AfterProcessingInitializeOnLoad (27ms)
			EditorAssembliesLoaded (0ms)
		ExecutionOrderSort2 (0ms)
		AwakeInstancesAfterBackupRestoration (29ms)
Refreshing native plugins compatible for Editor in 15.24 ms, found 3 plugins.
Preloading 0 native plugins for Editor in 0.00 ms.
Unloading 3159 Unused Serialized files (Serialized files now loaded: 0)
Unloading 24 unused Assets / (30.3 KB). Loaded Objects now: 3779.
Memory consumption went from 144.4 MB to 144.4 MB.
Total: 26.369400 ms (FindLiveObjects: 3.404400 ms CreateObjectMapping: 0.835800 ms MarkObjects: 21.141000 ms  DeleteObjects: 0.981500 ms)

Prepare: number of updated asset objects reloaded= 0
AssetImportParameters requested are different than current active one (requested -> active):
  custom:video-decoder-webm-vp8: 9c59270c3fd7afecdb556c50c9e8de78 -> 
  custom:SearchIndexIgnoredProperties: e643bd26f0fe6173181afceb89e7c659 -> 
  custom:audio-encoder-webm-vorbis: bf7c407c2cedff20999df2af8eb42d56 -> 
  custom:AudioImporter_EditorPlatform: d09bf68614088b80899f8185d706f6e7 -> 
  custom:audio-decoder-ogg-vorbis: bf7c407c2cedff20999df2af8eb42d56 -> 
  custom:video-encoder-webm-vp8: eb34c28f22e8b96e1ab97ce403110664 -> 
  custom:container-demuxer-ogg: 62fdf1f143b41e24485cea50d1cbac27 -> 
  custom:framework-win-MediaFoundation: 216162199b28c13a410421893ffa2e32 -> 
  custom:video-decoder-ogg-theora: a1e56fd34408186e4bbccfd4996cb3dc -> 
  custom:container-muxer-webm: aa71ff27fc2769a1b78a27578f13a17b -> 
  custom:CustomObjectIndexerAttribute: 756ad292c208cfabdd7b50bc23989ffe -> 
  custom:container-demuxer-webm: 4f35f7cbe854078d1ac9338744f61a02 -> 
========================================================================
Received Import Request.
  Time since last request: 3316.590390 seconds.
  path: Assets/TextMesh Pro/Resources/Fonts & Materials/LiberationSans SDF - Drop Shadow.mat
  artifactKey: Guid(e73a58f6e2794ae7b1b7e50b7fb811b0) Importer(815301076,1909f56bfc062723c751e8b465ee728b)
Start importing Assets/TextMesh Pro/Resources/Fonts & Materials/LiberationSans SDF - Drop Shadow.mat using Guid(e73a58f6e2794ae7b1b7e50b7fb811b0) Importer(815301076,1909f56bfc062723c751e8b465ee728b)  -> (artifact id: 'e269031a18e2e0e3dd611e0416a4be14') in 6.308364 seconds
Number of updated asset objects reloaded before import = 0
Number of asset objects unloaded after import = 2
========================================================================
Received Prepare
Begin MonoManager ReloadAssembly
C:\build\output\Unity-Technologies\mono\mono\metadata\icall.c:1842:
C:\build\output\Unity-Technologies\mono\mono\metadata\icall.c:1842:
C:\build\output\Unity-Technologies\mono\mono\metadata\icall.c:1842:
C:\build\output\Unity-Technologies\mono\mono\metadata\icall.c:1842:
C:\build\output\Unity-Technologies\mono\mono\metadata\icall.c:1842:
C:\build\output\Unity-Technologies\mono\mono\metadata\icall.c:1842:
C:\build\output\Unity-Technologies\mono\mono\metadata\icall.c:1842:
C:\build\output\Unity-Technologies\mono\mono\metadata\icall.c:1842:
C:\build\output\Unity-Technologies\mono\mono\metadata\icall.c:1842:
C:\build\output\Unity-Technologies\mono\mono\metadata\icall.c:1842:
C:\build\output\Unity-Technologies\mono\mono\metadata\icall.c:1842:
C:\build\output\Unity-Technologies\mono\mono\metadata\icall.c:1842:
Symbol file LoadedFromMemory doesn't match image C:\Business Analysis\TeamBooYah\TeamBooYah\Library\PackageCache\com.unity.visualscripting@1.8.0\Editor\VisualScripting.Core\Dependencies\YamlDotNet\Unity.VisualScripting.YamlDotNet.dll
Symbol file LoadedFromMemory doesn't match image C:\Business Analysis\TeamBooYah\TeamBooYah\Library\PackageCache\com.unity.visualscripting@1.8.0\Editor\VisualScripting.Core\Dependencies\DotNetZip\Unity.VisualScripting.IonicZip.dll
- Loaded All Assemblies, in 10.542 seconds
Refreshing native plugins compatible for Editor in 10.10 ms, found 3 plugins.
Native extension for WindowsStandalone target not found
Mono: successfully reloaded assembly
- Finished resetting the current domain, in  8.263 seconds
Domain Reload Profiling: 18769ms
	BeginReloadAssembly (4616ms)
		ExecutionOrderSort (1ms)
		DisableScriptedObjects (237ms)
		BackupInstance (0ms)
		ReleaseScriptingObjects (14ms)
		CreateAndSetChildDomain (2058ms)
	RebuildCommonClasses (587ms)
	RebuildNativeTypeToScriptingClass (157ms)
	initialDomainReloadingComplete (388ms)
	LoadAllAssembliesAndSetupDomain (4756ms)
		LoadAssemblies (4710ms)
		RebuildTransferFunctionScriptingTraits (0ms)
		AnalyzeDomain (1406ms)
			TypeCache.Refresh (1390ms)
				TypeCache.ScanAssembly (1140ms)
			ScanForSourceGeneratedMonoScriptInfo (0ms)
			ResolveRequiredComponents (15ms)
	FinalizeReload (8265ms)
		ReleaseScriptCaches (0ms)
		RebuildScriptCaches (0ms)
		SetupLoadedEditorAssemblies (1600ms)
			LogAssemblyErrors (0ms)
			InitializePlatformSupportModulesInManaged (22ms)
			SetLoadedEditorAssemblies (16ms)
			BeforeProcessingInitializeOnLoad (290ms)
			ProcessInitializeOnLoadAttributes (1162ms)
			ProcessInitializeOnLoadMethodAttributes (79ms)
			AfterProcessingInitializeOnLoad (31ms)
			EditorAssembliesLoaded (0ms)
		ExecutionOrderSort2 (0ms)
		AwakeInstancesAfterBackupRestoration (32ms)
Refreshing native plugins compatible for Editor in 10.83 ms, found 3 plugins.
Preloading 0 native plugins for Editor in 0.00 ms.
Unloading 3159 Unused Serialized files (Serialized files now loaded: 0)
Unloading 24 unused Assets / (30.3 KB). Loaded Objects now: 3780.
Memory consumption went from 146.3 MB to 146.3 MB.
Total: 17.715500 ms (FindLiveObjects: 0.697500 ms CreateObjectMapping: 0.734100 ms MarkObjects: 15.397900 ms  DeleteObjects: 0.880500 ms)

Prepare: number of updated asset objects reloaded= 0
AssetImportParameters requested are different than current active one (requested -> active):
  custom:video-decoder-webm-vp8: 9c59270c3fd7afecdb556c50c9e8de78 -> 
  custom:SearchIndexIgnoredProperties: e643bd26f0fe6173181afceb89e7c659 -> 
  custom:audio-encoder-webm-vorbis: bf7c407c2cedff20999df2af8eb42d56 -> 
  custom:AudioImporter_EditorPlatform: d09bf68614088b80899f8185d706f6e7 -> 
  custom:audio-decoder-ogg-vorbis: bf7c407c2cedff20999df2af8eb42d56 -> 
  custom:video-encoder-webm-vp8: eb34c28f22e8b96e1ab97ce403110664 -> 
  custom:container-demuxer-ogg: 62fdf1f143b41e24485cea50d1cbac27 -> 
  custom:framework-win-MediaFoundation: 216162199b28c13a410421893ffa2e32 -> 
  custom:video-decoder-ogg-theora: a1e56fd34408186e4bbccfd4996cb3dc -> 
  custom:container-muxer-webm: aa71ff27fc2769a1b78a27578f13a17b -> 
  custom:CustomObjectIndexerAttribute: 756ad292c208cfabdd7b50bc23989ffe -> 
  custom:container-demuxer-webm: 4f35f7cbe854078d1ac9338744f61a02 -> 
