Using pre-set license
Built from '2023.1/staging' branch; Version is '2023.1.19f1 (629111e352bc) revision 6459665'; Using compiler version '192829333'; Build Type 'Release'
OS: 'Windows 11  (10.0.22621) 64bit Core' Language: 'en' Physical Memory: 8062 MB
BatchMode: 1, IsHumanControllingUs: 0, StartBugReporterOnCrash: 0, Is64bit: 1, IsPro: 1

COMMAND LINE ARGUMENTS:
C:\Program Files\Unity\Hub\Editor\2023.1.19f1\Editor\Unity.exe
-adb2
-batchMode
-noUpm
-name
AssetImportWorker4
-projectPath
C:/Business Analysis/TeamBooYah/TeamBooYah
-logFile
Logs/AssetImportWorker4.log
-srvPort
52862
Successfully changed project path to: C:/Business Analysis/TeamBooYah/TeamBooYah
C:/Business Analysis/TeamBooYah/TeamBooYah
[UnityMemory] Configuration Parameters - Can be set up in boot.config
    "memorysetup-bucket-allocator-granularity=16"
    "memorysetup-bucket-allocator-bucket-count=8"
    "memorysetup-bucket-allocator-block-size=33554432"
    "memorysetup-bucket-allocator-block-count=8"
    "memorysetup-main-allocator-block-size=16777216"
    "memorysetup-thread-allocator-block-size=16777216"
    "memorysetup-gfx-main-allocator-block-size=16777216"
    "memorysetup-gfx-thread-allocator-block-size=16777216"
    "memorysetup-cache-allocator-block-size=4194304"
    "memorysetup-typetree-allocator-block-size=2097152"
    "memorysetup-profiler-bucket-allocator-granularity=16"
    "memorysetup-profiler-bucket-allocator-bucket-count=8"
    "memorysetup-profiler-bucket-allocator-block-size=33554432"
    "memorysetup-profiler-bucket-allocator-block-count=8"
    "memorysetup-profiler-allocator-block-size=16777216"
    "memorysetup-profiler-editor-allocator-block-size=1048576"
    "memorysetup-temp-allocator-size-main=16777216"
    "memorysetup-job-temp-allocator-block-size=2097152"
    "memorysetup-job-temp-allocator-block-size-background=1048576"
    "memorysetup-job-temp-allocator-reduction-small-platforms=262144"
    "memorysetup-allocator-temp-initial-block-size-main=262144"
    "memorysetup-allocator-temp-initial-block-size-worker=262144"
    "memorysetup-temp-allocator-size-background-worker=32768"
    "memorysetup-temp-allocator-size-job-worker=262144"
    "memorysetup-temp-allocator-size-preload-manager=33554432"
    "memorysetup-temp-allocator-size-nav-mesh-worker=65536"
    "memorysetup-temp-allocator-size-audio-worker=65536"
    "memorysetup-temp-allocator-size-cloud-worker=32768"
    "memorysetup-temp-allocator-size-gi-baking-worker=262144"
    "memorysetup-temp-allocator-size-gfx=262144"
Player connection [43928] Host "[IP] 10.12.106.177 [Port] 0 [Flags] 2 [Guid] 3318972881 [EditorId] 3318972881 [Version] 1048832 [Id] WindowsEditor(7,HPPC16) [Debug] 1 [PackageName] WindowsEditor [ProjectName] Editor" joined multi-casting on [225.0.0.222:54997]...

Player connection [43928] Host "[IP] 10.12.106.177 [Port] 0 [Flags] 2 [Guid] 3318972881 [EditorId] 3318972881 [Version] 1048832 [Id] WindowsEditor(7,HPPC16) [Debug] 1 [PackageName] WindowsEditor [ProjectName] Editor" joined alternative multi-casting on [225.0.0.222:34997]...

[Physics::Module] Initialized MultithreadedJobDispatcher with 7 workers.
Library Redirect Path: Library/Refreshing native plugins compatible for Editor in 145.73 ms, found 3 plugins.
Preloading 0 native plugins for Editor in 0.00 ms.
Initialize engine version: 2023.1.19f1 (629111e352bc)
[Subsystems] Discovering subsystems at path C:/Program Files/Unity/Hub/Editor/2023.1.19f1/Editor/Data/Resources/UnitySubsystems
[Subsystems] Discovering subsystems at path C:/Business Analysis/TeamBooYah/TeamBooYah/Assets
GfxDevice: creating device client; threaded=0; jobified=0
Direct3D:
    Version:  Direct3D 11.0 [level 11.1]
    Renderer: Intel(R) UHD Graphics 620 (ID=0x5917)
    Vendor:   Intel
    VRAM:     4031 MB
    Driver:   27.20.100.8853
Initialize mono
Mono path[0] = 'C:/Program Files/Unity/Hub/Editor/2023.1.19f1/Editor/Data/Managed'
Mono path[1] = 'C:/Program Files/Unity/Hub/Editor/2023.1.19f1/Editor/Data/MonoBleedingEdge/lib/mono/unityjit-win32'
Mono config path = 'C:/Program Files/Unity/Hub/Editor/2023.1.19f1/Editor/Data/MonoBleedingEdge/etc'
Using monoOptions --debugger-agent=transport=dt_socket,embedding=1,server=y,suspend=n,address=127.0.0.1:56924
Begin MonoManager ReloadAssembly
C:\build\output\Unity-Technologies\mono\mono\metadata\icall.c:1842:
C:\build\output\Unity-Technologies\mono\mono\metadata\icall.c:1842:
C:\build\output\Unity-Technologies\mono\mono\metadata\icall.c:1842:
C:\build\output\Unity-Technologies\mono\mono\metadata\icall.c:1842:
C:\build\output\Unity-Technologies\mono\mono\metadata\icall.c:1842:
C:\build\output\Unity-Technologies\mono\mono\metadata\icall.c:1842:
C:\build\output\Unity-Technologies\mono\mono\metadata\icall.c:1842:
C:\build\output\Unity-Technologies\mono\mono\metadata\icall.c:1842:
C:\build\output\Unity-Technologies\mono\mono\metadata\icall.c:1842:
C:\build\output\Unity-Technologies\mono\mono\metadata\icall.c:1842:
Registering precompiled unity dll's ...
Register platform support module: C:/Program Files/Unity/Hub/Editor/2023.1.19f1/Editor/Data/PlaybackEngines/WindowsStandaloneSupport/UnityEditor.WindowsStandalone.Extensions.dll
Registered in 0.014517 seconds.
- Loaded All Assemblies, in  1.861 seconds
Native extension for WindowsStandalone target not found
Mono: successfully reloaded assembly
C:\build\output\Unity-Technologies\mono\mono\metadata\icall.c:1842:
C:\build\output\Unity-Technologies\mono\mono\metadata\icall.c:1842:
- Finished resetting the current domain, in  1.582 seconds
Domain Reload Profiling: 3430ms
	BeginReloadAssembly (799ms)
		ExecutionOrderSort (0ms)
		DisableScriptedObjects (0ms)
		BackupInstance (0ms)
		ReleaseScriptingObjects (0ms)
		CreateAndSetChildDomain (3ms)
	RebuildCommonClasses (170ms)
	RebuildNativeTypeToScriptingClass (49ms)
	initialDomainReloadingComplete (191ms)
	LoadAllAssembliesAndSetupDomain (639ms)
		LoadAssemblies (780ms)
		RebuildTransferFunctionScriptingTraits (0ms)
		AnalyzeDomain (621ms)
			TypeCache.Refresh (617ms)
				TypeCache.ScanAssembly (570ms)
			ScanForSourceGeneratedMonoScriptInfo (1ms)
			ResolveRequiredComponents (2ms)
	FinalizeReload (1583ms)
		ReleaseScriptCaches (0ms)
		RebuildScriptCaches (0ms)
		SetupLoadedEditorAssemblies (1277ms)
			LogAssemblyErrors (0ms)
			InitializePlatformSupportModulesInManaged (38ms)
			SetLoadedEditorAssemblies (20ms)
			BeforeProcessingInitializeOnLoad (38ms)
			ProcessInitializeOnLoadAttributes (899ms)
			ProcessInitializeOnLoadMethodAttributes (282ms)
			AfterProcessingInitializeOnLoad (0ms)
			EditorAssembliesLoaded (0ms)
		ExecutionOrderSort2 (0ms)
		AwakeInstancesAfterBackupRestoration (0ms)
========================================================================
Worker process is ready to serve import requests
Import Worker Mode flag is 0x00
Begin MonoManager ReloadAssembly
C:\build\output\Unity-Technologies\mono\mono\metadata\icall.c:1842:
C:\build\output\Unity-Technologies\mono\mono\metadata\icall.c:1842:
C:\build\output\Unity-Technologies\mono\mono\metadata\icall.c:1842:
C:\build\output\Unity-Technologies\mono\mono\metadata\icall.c:1842:
C:\build\output\Unity-Technologies\mono\mono\metadata\icall.c:1842:
C:\build\output\Unity-Technologies\mono\mono\metadata\icall.c:1842:
C:\build\output\Unity-Technologies\mono\mono\metadata\icall.c:1842:
C:\build\output\Unity-Technologies\mono\mono\metadata\icall.c:1842:
C:\build\output\Unity-Technologies\mono\mono\metadata\icall.c:1842:
C:\build\output\Unity-Technologies\mono\mono\metadata\icall.c:1842:
C:\build\output\Unity-Technologies\mono\mono\metadata\icall.c:1842:
C:\build\output\Unity-Technologies\mono\mono\metadata\icall.c:1842:
Symbol file LoadedFromMemory doesn't match image C:\Business Analysis\TeamBooYah\TeamBooYah\Library\PackageCache\com.unity.visualscripting@1.8.0\Editor\VisualScripting.Core\Dependencies\YamlDotNet\Unity.VisualScripting.YamlDotNet.dll
Symbol file LoadedFromMemory doesn't match image C:\Business Analysis\TeamBooYah\TeamBooYah\Library\PackageCache\com.unity.visualscripting@1.8.0\Editor\VisualScripting.Core\Dependencies\DotNetZip\Unity.VisualScripting.IonicZip.dll
- Loaded All Assemblies, in  3.483 seconds
Refreshing native plugins compatible for Editor in 7.69 ms, found 3 plugins.
Native extension for WindowsStandalone target not found
Mono: successfully reloaded assembly
- Finished resetting the current domain, in  2.819 seconds
Domain Reload Profiling: 6266ms
	BeginReloadAssembly (1148ms)
		ExecutionOrderSort (0ms)
		DisableScriptedObjects (11ms)
		BackupInstance (0ms)
		ReleaseScriptingObjects (0ms)
		CreateAndSetChildDomain (90ms)
	RebuildCommonClasses (129ms)
	RebuildNativeTypeToScriptingClass (40ms)
	initialDomainReloadingComplete (142ms)
	LoadAllAssembliesAndSetupDomain (1986ms)
		LoadAssemblies (1454ms)
		RebuildTransferFunctionScriptingTraits (0ms)
		AnalyzeDomain (989ms)
			TypeCache.Refresh (949ms)
				TypeCache.ScanAssembly (908ms)
			ScanForSourceGeneratedMonoScriptInfo (31ms)
			ResolveRequiredComponents (9ms)
	FinalizeReload (2821ms)
		ReleaseScriptCaches (0ms)
		RebuildScriptCaches (0ms)
		SetupLoadedEditorAssemblies (2214ms)
			LogAssemblyErrors (0ms)
			InitializePlatformSupportModulesInManaged (22ms)
			SetLoadedEditorAssemblies (483ms)
			BeforeProcessingInitializeOnLoad (333ms)
			ProcessInitializeOnLoadAttributes (1272ms)
			ProcessInitializeOnLoadMethodAttributes (78ms)
			AfterProcessingInitializeOnLoad (25ms)
			EditorAssembliesLoaded (1ms)
		ExecutionOrderSort2 (0ms)
		AwakeInstancesAfterBackupRestoration (28ms)
Launched and connected shader compiler UnityShaderCompiler.exe after 0.07 seconds
Refreshing native plugins compatible for Editor in 22.07 ms, found 3 plugins.
Preloading 0 native plugins for Editor in 0.00 ms.
Unloading 3181 Unused Serialized files (Serialized files now loaded: 0)
Unloading 35 unused Assets / (53.1 KB). Loaded Objects now: 3720.
Memory consumption went from 136.9 MB to 136.8 MB.
Total: 11.576100 ms (FindLiveObjects: 1.359600 ms CreateObjectMapping: 0.560600 ms MarkObjects: 9.036600 ms  DeleteObjects: 0.612000 ms)

AssetImportParameters requested are different than current active one (requested -> active):
  custom:video-decoder-webm-vp8: 9c59270c3fd7afecdb556c50c9e8de78 -> 
  custom:SearchIndexIgnoredProperties: e643bd26f0fe6173181afceb89e7c659 -> 
  custom:audio-encoder-webm-vorbis: bf7c407c2cedff20999df2af8eb42d56 -> 
  custom:AudioImporter_EditorPlatform: d09bf68614088b80899f8185d706f6e7 -> 
  custom:audio-decoder-ogg-vorbis: bf7c407c2cedff20999df2af8eb42d56 -> 
  custom:video-encoder-webm-vp8: eb34c28f22e8b96e1ab97ce403110664 -> 
  custom:container-demuxer-ogg: 62fdf1f143b41e24485cea50d1cbac27 -> 
  custom:framework-win-MediaFoundation: 216162199b28c13a410421893ffa2e32 -> 
  custom:video-decoder-ogg-theora: a1e56fd34408186e4bbccfd4996cb3dc -> 
  custom:container-muxer-webm: aa71ff27fc2769a1b78a27578f13a17b -> 
  custom:CustomObjectIndexerAttribute: 756ad292c208cfabdd7b50bc23989ffe -> 
  custom:container-demuxer-webm: 4f35f7cbe854078d1ac9338744f61a02 -> 
========================================================================
Received Import Request.
  Time since last request: 573915.129069 seconds.
  path: Assets/20 Logos PSD/Fonts/gilam/Gilam-BlackDEMO.otf
  artifactKey: Guid(eebe1b5c7ff612f4bb4b6b9602c632f4) Importer(815301076,1909f56bfc062723c751e8b465ee728b)
Start importing Assets/20 Logos PSD/Fonts/gilam/Gilam-BlackDEMO.otf using Guid(eebe1b5c7ff612f4bb4b6b9602c632f4) Importer(815301076,1909f56bfc062723c751e8b465ee728b)  -> (artifact id: 'bec0b46d789583b73db25cb262415781') in 0.219600 seconds
Number of updated asset objects reloaded before import = 0
Number of asset objects unloaded after import = 4
========================================================================
Received Import Request.
  Time since last request: 67.978710 seconds.
  path: Assets/20 Logos PSD/Fonts/kaushanscript/KaushanScript-Regular.otf
  artifactKey: Guid(f7508c2b80305714d907f17b4684eb42) Importer(815301076,1909f56bfc062723c751e8b465ee728b)
Start importing Assets/20 Logos PSD/Fonts/kaushanscript/KaushanScript-Regular.otf using Guid(f7508c2b80305714d907f17b4684eb42) Importer(815301076,1909f56bfc062723c751e8b465ee728b)  -> (artifact id: 'c33357815b27143a54c9ebc2a84b0153') in 0.022414 seconds
Number of updated asset objects reloaded before import = 0
Number of asset objects unloaded after import = 4
========================================================================
Received Import Request.
  Time since last request: 1.115016 seconds.
  path: Assets/20 Logos PSD/Fonts/molot/molot.regular.otf
  artifactKey: Guid(43b35623d2933d6439c69fbb690a9f8c) Importer(815301076,1909f56bfc062723c751e8b465ee728b)
Start importing Assets/20 Logos PSD/Fonts/molot/molot.regular.otf using Guid(43b35623d2933d6439c69fbb690a9f8c) Importer(815301076,1909f56bfc062723c751e8b465ee728b)  -> (artifact id: '718d789a2b3e63ab1fb2fd5434db3cf7') in 0.023366 seconds
Number of updated asset objects reloaded before import = 0
Number of asset objects unloaded after import = 4
========================================================================
Received Import Request.
  Time since last request: 27.263880 seconds.
  path: Assets/20 Logos PSD/Fonts/peacesans/Peace Sans.otf
  artifactKey: Guid(88ea75a9053f106459a11a24e6d30129) Importer(815301076,1909f56bfc062723c751e8b465ee728b)
Start importing Assets/20 Logos PSD/Fonts/peacesans/Peace Sans.otf using Guid(88ea75a9053f106459a11a24e6d30129) Importer(815301076,1909f56bfc062723c751e8b465ee728b)  -> (artifact id: '42ff6f6db83c16b332bc10d47b08e56a') in 0.027922 seconds
Number of updated asset objects reloaded before import = 0
Number of asset objects unloaded after import = 4
========================================================================
Received Import Request.
  Time since last request: 366.302608 seconds.
  path: Assets/Supernova - Personal Used.ttf
  artifactKey: Guid(9b0d76c1117709d42a6b0de320675fb0) Importer(815301076,1909f56bfc062723c751e8b465ee728b)
Start importing Assets/Supernova - Personal Used.ttf using Guid(9b0d76c1117709d42a6b0de320675fb0) Importer(815301076,1909f56bfc062723c751e8b465ee728b)  -> (artifact id: '6ba7740df51c2d40124561c5fb0f606a') in 0.413298 seconds
Number of updated asset objects reloaded before import = 0
Number of asset objects unloaded after import = 4
========================================================================
Received Import Request.
  Time since last request: 7.398925 seconds.
  path: Assets/TextMesh Pro/Resources/TMP Settings.asset
  artifactKey: Guid(3f5b5dff67a942289a9defa416b206f3) Importer(815301076,1909f56bfc062723c751e8b465ee728b)
Start importing Assets/TextMesh Pro/Resources/TMP Settings.asset using Guid(3f5b5dff67a942289a9defa416b206f3) Importer(815301076,1909f56bfc062723c751e8b465ee728b)  -> (artifact id: '489aeaaaa2735e90f76fafd0623b9750') in 0.542989 seconds
Number of updated asset objects reloaded before import = 0
Number of asset objects unloaded after import = 15
========================================================================
Received Import Request.
  Time since last request: 14.684285 seconds.
  path: Assets/TextMesh Pro/Fonts/Supernova - Personal Used.ttf
  artifactKey: Guid(6a3b9064ccd4b444086617a167667c57) Importer(815301076,1909f56bfc062723c751e8b465ee728b)
Start importing Assets/TextMesh Pro/Fonts/Supernova - Personal Used.ttf using Guid(6a3b9064ccd4b444086617a167667c57) Importer(815301076,1909f56bfc062723c751e8b465ee728b)  -> (artifact id: '2646a2159bf4e564ce57f57cbc8b8b3d') in 0.040875 seconds
Number of updated asset objects reloaded before import = 0
Number of asset objects unloaded after import = 4
========================================================================
Received Import Request.
  Time since last request: 22.275843 seconds.
  path: Assets/TextMesh Pro/Resources/Fonts & Materials/LiberationSans SDF.asset
  artifactKey: Guid(8f586378b4e144a9851e7b34d9b748ee) Importer(815301076,1909f56bfc062723c751e8b465ee728b)
Start importing Assets/TextMesh Pro/Resources/Fonts & Materials/LiberationSans SDF.asset using Guid(8f586378b4e144a9851e7b34d9b748ee) Importer(815301076,1909f56bfc062723c751e8b465ee728b)  -> (artifact id: '59456225ff67c5ffb69e3f52a2435cbc') in 0.177698 seconds
Number of updated asset objects reloaded before import = 0
Number of asset objects unloaded after import = 9
========================================================================
Received Import Request.
  Time since last request: 0.000035 seconds.
  path: Assets/TextMesh Pro/Resources/Fonts & Materials/LiberationSans SDF - Outline.mat
  artifactKey: Guid(79459efec17a4d00a321bdcc27bbc385) Importer(815301076,1909f56bfc062723c751e8b465ee728b)
Start importing Assets/TextMesh Pro/Resources/Fonts & Materials/LiberationSans SDF - Outline.mat using Guid(79459efec17a4d00a321bdcc27bbc385) Importer(815301076,1909f56bfc062723c751e8b465ee728b)  -> (artifact id: '06e68dfeaf67658270fc279bd213541e') in 0.053434 seconds
Number of updated asset objects reloaded before import = 0
Number of asset objects unloaded after import = 2
========================================================================
Received Import Request.
  Time since last request: 0.000036 seconds.
  path: Assets/TextMesh Pro/Resources/Fonts & Materials/LiberationSans SDF - Fallback.asset
  artifactKey: Guid(2e498d1c8094910479dc3e1b768306a4) Importer(815301076,1909f56bfc062723c751e8b465ee728b)
Start importing Assets/TextMesh Pro/Resources/Fonts & Materials/LiberationSans SDF - Fallback.asset using Guid(2e498d1c8094910479dc3e1b768306a4) Importer(815301076,1909f56bfc062723c751e8b465ee728b)  -> (artifact id: 'a6f0839bcba01514a0050575183ef50d') in 0.035620 seconds
Number of updated asset objects reloaded before import = 0
Number of asset objects unloaded after import = 6
========================================================================
Received Import Request.
  Time since last request: 20.054307 seconds.
  path: Assets/TextMesh Pro/Resources/Fonts & Materials/Supernova - Personal Used.ttf
  artifactKey: Guid(6a3b9064ccd4b444086617a167667c57) Importer(815301076,1909f56bfc062723c751e8b465ee728b)
Start importing Assets/TextMesh Pro/Resources/Fonts & Materials/Supernova - Personal Used.ttf using Guid(6a3b9064ccd4b444086617a167667c57) Importer(815301076,1909f56bfc062723c751e8b465ee728b)  -> (artifact id: '1b613a07bf8aab929a3c78e47a90ffec') in 0.027023 seconds
Number of updated asset objects reloaded before import = 0
Number of asset objects unloaded after import = 4
========================================================================
Received Import Request.
  Time since last request: 3.776976 seconds.
  path: Assets/TextMesh Pro/Resources/Fonts & Materials/Supernova - Personal Used.ttf
  artifactKey: Guid(6a3b9064ccd4b444086617a167667c57) Importer(815301076,1909f56bfc062723c751e8b465ee728b)
Start importing Assets/TextMesh Pro/Resources/Fonts & Materials/Supernova - Personal Used.ttf using Guid(6a3b9064ccd4b444086617a167667c57) Importer(815301076,1909f56bfc062723c751e8b465ee728b)  -> (artifact id: '425e903d7a658313d0727c26053a975c') in 0.026739 seconds
Number of updated asset objects reloaded before import = 0
Number of asset objects unloaded after import = 4
========================================================================
Received Import Request.
  Time since last request: 15.972806 seconds.
  path: Assets/TextMesh Pro/Resources/Fonts & Materials/1a.jpg
  artifactKey: Guid(b8321493fda83294db81c27ab374748a) Importer(815301076,1909f56bfc062723c751e8b465ee728b)
Start importing Assets/TextMesh Pro/Resources/Fonts & Materials/1a.jpg using Guid(b8321493fda83294db81c27ab374748a) Importer(815301076,1909f56bfc062723c751e8b465ee728b)  -> (artifact id: 'ba75b72b2a7b767b9fa02ee7f4f14bc0') in 0.084058 seconds
Number of updated asset objects reloaded before import = 0
Number of asset objects unloaded after import = 2
========================================================================
Received Import Request.
  Time since last request: 0.000058 seconds.
  path: Assets/TextMesh Pro/Resources/Fonts & Materials/Supernova - Personal Used 1.ttf
  artifactKey: Guid(65cd612499b479549bbc28ddb3191dc5) Importer(815301076,1909f56bfc062723c751e8b465ee728b)
Start importing Assets/TextMesh Pro/Resources/Fonts & Materials/Supernova - Personal Used 1.ttf using Guid(65cd612499b479549bbc28ddb3191dc5) Importer(815301076,1909f56bfc062723c751e8b465ee728b)  -> (artifact id: 'cc9612a9ef4dd895b5aad58f39494371') in 0.046150 seconds
Number of updated asset objects reloaded before import = 0
Number of asset objects unloaded after import = 4
========================================================================
Received Import Request.
  Time since last request: 20.497431 seconds.
  path: Assets/TextMesh Pro/Resources/Fonts & Materials/Personal Used.pdf
  artifactKey: Guid(7788caa82c3926d409a5e47404f1dc5c) Importer(815301076,1909f56bfc062723c751e8b465ee728b)
Start importing Assets/TextMesh Pro/Resources/Fonts & Materials/Personal Used.pdf using Guid(7788caa82c3926d409a5e47404f1dc5c) Importer(815301076,1909f56bfc062723c751e8b465ee728b)  -> (artifact id: 'dd1436c69f4b2c5847ee0f67c3b03a3a') in 0.017569 seconds
Number of updated asset objects reloaded before import = 0
Number of asset objects unloaded after import = 1
========================================================================
Received Import Request.
  Time since last request: 125.847554 seconds.
  path: Assets/TextMesh Pro/Resources/Fonts & Materials
  artifactKey: Guid(9fe5c6720e4a2a64cb68e15037ad33b8) Importer(815301076,1909f56bfc062723c751e8b465ee728b)
Start importing Assets/TextMesh Pro/Resources/Fonts & Materials using Guid(9fe5c6720e4a2a64cb68e15037ad33b8) Importer(815301076,1909f56bfc062723c751e8b465ee728b)  -> (artifact id: 'e994f95586b0c6c5842c358ed3724ba1') in 0.003227 seconds
Number of updated asset objects reloaded before import = 0
Number of asset objects unloaded after import = 0
========================================================================
Received Import Request.
  Time since last request: 28.549660 seconds.
  path: Assets/TextMesh Pro/Shaders/TMPro.cginc
  artifactKey: Guid(407bc68d299748449bbf7f48ee690f8d) Importer(815301076,1909f56bfc062723c751e8b465ee728b)
Start importing Assets/TextMesh Pro/Shaders/TMPro.cginc using Guid(407bc68d299748449bbf7f48ee690f8d) Importer(815301076,1909f56bfc062723c751e8b465ee728b)  -> (artifact id: '462a95eeee6252ddd2fd955d4613a42d') in 0.011879 seconds
Number of updated asset objects reloaded before import = 0
Number of asset objects unloaded after import = 1
========================================================================
Received Import Request.
  Time since last request: 0.012524 seconds.
  path: Assets/TextMesh Pro/Shaders/TMPro_Mobile.cginc
  artifactKey: Guid(c334973cef89a9840b0b0c507e0377ab) Importer(815301076,1909f56bfc062723c751e8b465ee728b)
Start importing Assets/TextMesh Pro/Shaders/TMPro_Mobile.cginc using Guid(c334973cef89a9840b0b0c507e0377ab) Importer(815301076,1909f56bfc062723c751e8b465ee728b)  -> (artifact id: '72c167f6e6298e4b5c4fa347fbd14f3b') in 0.003745 seconds
Number of updated asset objects reloaded before import = 0
Number of asset objects unloaded after import = 1
========================================================================
Received Import Request.
  Time since last request: 0.005039 seconds.
  path: Assets/TextMesh Pro/Shaders/TMPro_Properties.cginc
  artifactKey: Guid(3997e2241185407d80309a82f9148466) Importer(815301076,1909f56bfc062723c751e8b465ee728b)
Start importing Assets/TextMesh Pro/Shaders/TMPro_Properties.cginc using Guid(3997e2241185407d80309a82f9148466) Importer(815301076,1909f56bfc062723c751e8b465ee728b)  -> (artifact id: '2de7de671f0cb4930bad324f874190a3') in 0.003610 seconds
Number of updated asset objects reloaded before import = 0
Number of asset objects unloaded after import = 1
========================================================================
Received Import Request.
  Time since last request: 0.533974 seconds.
  path: Assets/TextMesh Pro/Sprites/EmojiOne.png
  artifactKey: Guid(dffef66376be4fa480fb02b19edbe903) Importer(815301076,1909f56bfc062723c751e8b465ee728b)
Start importing Assets/TextMesh Pro/Sprites/EmojiOne.png using Guid(dffef66376be4fa480fb02b19edbe903) Importer(815301076,1909f56bfc062723c751e8b465ee728b)  -> (artifact id: '6081118c94211b636f1dad74a8f6f4e6') in 0.040430 seconds
Number of updated asset objects reloaded before import = 0
Number of asset objects unloaded after import = 2
========================================================================
Received Import Request.
  Time since last request: 49.952591 seconds.
  path: Assets/TextMesh Pro/Fonts/Supernova - Personal Used.ttf
  artifactKey: Guid(2f0a81583e53d1847aef78a84c237769) Importer(815301076,1909f56bfc062723c751e8b465ee728b)
Start importing Assets/TextMesh Pro/Fonts/Supernova - Personal Used.ttf using Guid(2f0a81583e53d1847aef78a84c237769) Importer(815301076,1909f56bfc062723c751e8b465ee728b)  -> (artifact id: '853df4be7de7888f17c3a404b0254f59') in 0.022162 seconds
Number of updated asset objects reloaded before import = 0
Number of asset objects unloaded after import = 4
========================================================================
Received Import Request.
  Time since last request: 386.536572 seconds.
  path: Assets/TextMesh Pro/Resources/Fonts & Materials/Under Hiport.jpg
  artifactKey: Guid(884b51ce560601b45bfd4baa4cef7aa6) Importer(815301076,1909f56bfc062723c751e8b465ee728b)
Start importing Assets/TextMesh Pro/Resources/Fonts & Materials/Under Hiport.jpg using Guid(884b51ce560601b45bfd4baa4cef7aa6) Importer(815301076,1909f56bfc062723c751e8b465ee728b)  -> (artifact id: '877cf525fb247f3ed85136d19ddd0f4d') in 0.048944 seconds
Number of updated asset objects reloaded before import = 0
Number of asset objects unloaded after import = 2
========================================================================
Received Import Request.
  Time since last request: 0.000042 seconds.
  path: Assets/TextMesh Pro/Resources/Fonts & Materials/Under Hiport.ttf
  artifactKey: Guid(219287ea2655ea64e86af70d24d0c215) Importer(815301076,1909f56bfc062723c751e8b465ee728b)
Start importing Assets/TextMesh Pro/Resources/Fonts & Materials/Under Hiport.ttf using Guid(219287ea2655ea64e86af70d24d0c215) Importer(815301076,1909f56bfc062723c751e8b465ee728b)  -> (artifact id: '56aa646c7ec654a1a879d86b5faa5593') in 0.045293 seconds
Number of updated asset objects reloaded before import = 0
Number of asset objects unloaded after import = 4
========================================================================
Received Import Request.
  Time since last request: 192.062126 seconds.
  path: Assets/TextMesh Pro/Resources/Fonts & Materials/Supernova - Personal Used SDF.asset
  artifactKey: Guid(9591351f5b4801e4b97963b4dd014397) Importer(815301076,1909f56bfc062723c751e8b465ee728b)
Start importing Assets/TextMesh Pro/Resources/Fonts & Materials/Supernova - Personal Used SDF.asset using Guid(9591351f5b4801e4b97963b4dd014397) Importer(815301076,1909f56bfc062723c751e8b465ee728b) UnassignedReferenceException: The variable material of TMP_FontAsset has not been assigned.
You probably need to assign the material variable of the TMP_FontAsset script in the inspector.
  at UnityEngine.Object+MarshalledUnityObject.ThrowNullExceptionObjectImpl (System.Object obj) [0x000ad] in <36128ec596ab42c8af4441b8e0cdd33a>:0 
  at UnityEngine.Material.HasProperty (System.Int32 nameID) [0x00000] in <36128ec596ab42c8af4441b8e0cdd33a>:0 
  at TMPro.TMP_FontAsset.ReadFontAssetDefinition () [0x0008f] in .\Library\PackageCache\com.unity.textmeshpro@3.0.6\Scripts\Runtime\TMP_FontAsset.cs:588 
  at TMPro.TMP_FontAsset.OnValidate () [0x00010] in .\Library\PackageCache\com.unity.textmeshpro@3.0.6\Scripts\Runtime\TMP_FontAsset.cs:555 

(Filename: ./Library/PackageCache/com.unity.textmeshpro@3.0.6/Scripts/Runtime/TMP_FontAsset.cs Line: 588)

 -> (artifact id: '90da0b965661a016f6b76f80923c2056') in 0.287749 seconds
Number of updated asset objects reloaded before import = 0
Number of asset objects unloaded after import = 1
========================================================================
Received Import Request.
  Time since last request: 125.581294 seconds.
  path: Assets/TextMesh Pro/Resources/Fonts & Materials/supernova
  artifactKey: Guid(6531ad228a4fe8440a33415d8bb0ee18) Importer(815301076,1909f56bfc062723c751e8b465ee728b)
Start importing Assets/TextMesh Pro/Resources/Fonts & Materials/supernova using Guid(6531ad228a4fe8440a33415d8bb0ee18) Importer(815301076,1909f56bfc062723c751e8b465ee728b)  -> (artifact id: '690bb49bbaa93da8aa087217356e807a') in 0.003231 seconds
Number of updated asset objects reloaded before import = 0
Number of asset objects unloaded after import = 0
========================================================================
Received Import Request.
  Time since last request: 0.050362 seconds.
  path: Assets/TextMesh Pro/Resources/Fonts & Materials/supernova/1a.jpg
  artifactKey: Guid(0f507ba9638c2814e918cae5ce3e96dd) Importer(815301076,1909f56bfc062723c751e8b465ee728b)
Start importing Assets/TextMesh Pro/Resources/Fonts & Materials/supernova/1a.jpg using Guid(0f507ba9638c2814e918cae5ce3e96dd) Importer(815301076,1909f56bfc062723c751e8b465ee728b)  -> (artifact id: '62df0f9a91312d38e0d400ab5c985108') in 0.039353 seconds
Number of updated asset objects reloaded before import = 0
Number of asset objects unloaded after import = 2
========================================================================
Received Import Request.
  Time since last request: 0.000070 seconds.
  path: Assets/TextMesh Pro/Resources/Fonts & Materials/supernova/Supernova - Personal Used.ttf
  artifactKey: Guid(2f56415976783df4faa67413d3420e1a) Importer(815301076,1909f56bfc062723c751e8b465ee728b)
Start importing Assets/TextMesh Pro/Resources/Fonts & Materials/supernova/Supernova - Personal Used.ttf using Guid(2f56415976783df4faa67413d3420e1a) Importer(815301076,1909f56bfc062723c751e8b465ee728b)  -> (artifact id: 'e2d0744569b56e1c5668644503fe9fed') in 0.033016 seconds
Number of updated asset objects reloaded before import = 0
Number of asset objects unloaded after import = 4
========================================================================
Received Import Request.
  Time since last request: 6.187704 seconds.
  path: Assets/TextMesh Pro/Resources/Fonts & Materials/supernova/Supernova - Personal Used SDF.asset
  artifactKey: Guid(4adcdc2fe46d9414e8b8b931d342be8c) Importer(815301076,1909f56bfc062723c751e8b465ee728b)
Start importing Assets/TextMesh Pro/Resources/Fonts & Materials/supernova/Supernova - Personal Used SDF.asset using Guid(4adcdc2fe46d9414e8b8b931d342be8c) Importer(815301076,1909f56bfc062723c751e8b465ee728b) UnassignedReferenceException: The variable material of TMP_FontAsset has not been assigned.
You probably need to assign the material variable of the TMP_FontAsset script in the inspector.
  at UnityEngine.Object+MarshalledUnityObject.ThrowNullExceptionObjectImpl (System.Object obj) [0x000ad] in <36128ec596ab42c8af4441b8e0cdd33a>:0 
  at UnityEngine.Material.HasProperty (System.Int32 nameID) [0x00000] in <36128ec596ab42c8af4441b8e0cdd33a>:0 
  at TMPro.TMP_FontAsset.ReadFontAssetDefinition () [0x0008f] in .\Library\PackageCache\com.unity.textmeshpro@3.0.6\Scripts\Runtime\TMP_FontAsset.cs:588 
  at TMPro.TMP_FontAsset.OnValidate () [0x00010] in .\Library\PackageCache\com.unity.textmeshpro@3.0.6\Scripts\Runtime\TMP_FontAsset.cs:555 

(Filename: ./Library/PackageCache/com.unity.textmeshpro@3.0.6/Scripts/Runtime/TMP_FontAsset.cs Line: 588)

 -> (artifact id: '33f7bd7c2968852a04ded8575ced37c6') in 0.015883 seconds
Number of updated asset objects reloaded before import = 0
Number of asset objects unloaded after import = 1
========================================================================
Received Import Request.
  Time since last request: 25.615136 seconds.
  path: Assets/TextMesh Pro/Resources/Fonts & Materials/under_hiport/Under Hiport.jpg
  artifactKey: Guid(ea933df84784b294792af88bf8086c93) Importer(815301076,1909f56bfc062723c751e8b465ee728b)
Start importing Assets/TextMesh Pro/Resources/Fonts & Materials/under_hiport/Under Hiport.jpg using Guid(ea933df84784b294792af88bf8086c93) Importer(815301076,1909f56bfc062723c751e8b465ee728b)  -> (artifact id: 'f30e0b15e325cf2b4ffcd1a81efcb596') in 0.041345 seconds
Number of updated asset objects reloaded before import = 0
Number of asset objects unloaded after import = 2
========================================================================
Received Import Request.
  Time since last request: 0.000039 seconds.
  path: Assets/TextMesh Pro/Resources/Fonts & Materials/under_hiport/Under Hiport.ttf
  artifactKey: Guid(a756a086af81b7c4a95abcd5daae4f57) Importer(815301076,1909f56bfc062723c751e8b465ee728b)
Start importing Assets/TextMesh Pro/Resources/Fonts & Materials/under_hiport/Under Hiport.ttf using Guid(a756a086af81b7c4a95abcd5daae4f57) Importer(815301076,1909f56bfc062723c751e8b465ee728b)  -> (artifact id: '469fcef263c212b7c2f720efef36e07c') in 0.050992 seconds
Number of updated asset objects reloaded before import = 0
Number of asset objects unloaded after import = 4
========================================================================
Received Import Request.
  Time since last request: 12.933603 seconds.
  path: Assets/TextMesh Pro/Resources/Fonts & Materials/under_hiport/Under Hiport SDF.asset
  artifactKey: Guid(ec1e91e0e2638af4e803cd5013f75698) Importer(815301076,1909f56bfc062723c751e8b465ee728b)
Start importing Assets/TextMesh Pro/Resources/Fonts & Materials/under_hiport/Under Hiport SDF.asset using Guid(ec1e91e0e2638af4e803cd5013f75698) Importer(815301076,1909f56bfc062723c751e8b465ee728b) UnassignedReferenceException: The variable material of TMP_FontAsset has not been assigned.
You probably need to assign the material variable of the TMP_FontAsset script in the inspector.
  at UnityEngine.Object+MarshalledUnityObject.ThrowNullExceptionObjectImpl (System.Object obj) [0x000ad] in <36128ec596ab42c8af4441b8e0cdd33a>:0 
  at UnityEngine.Material.HasProperty (System.Int32 nameID) [0x00000] in <36128ec596ab42c8af4441b8e0cdd33a>:0 
  at TMPro.TMP_FontAsset.ReadFontAssetDefinition () [0x0008f] in .\Library\PackageCache\com.unity.textmeshpro@3.0.6\Scripts\Runtime\TMP_FontAsset.cs:588 
  at TMPro.TMP_FontAsset.OnValidate () [0x00010] in .\Library\PackageCache\com.unity.textmeshpro@3.0.6\Scripts\Runtime\TMP_FontAsset.cs:555 

(Filename: ./Library/PackageCache/com.unity.textmeshpro@3.0.6/Scripts/Runtime/TMP_FontAsset.cs Line: 588)

 -> (artifact id: '0979eba2140881a0f22a928ee4a55dce') in 0.015420 seconds
Number of updated asset objects reloaded before import = 0
Number of asset objects unloaded after import = 1
========================================================================
Received Import Request.
  Time since last request: 831.977765 seconds.
  path: Assets/TextMesh Pro/Resources/Fonts & Materials/supernova/Supernova - Personal Used.ttf
  artifactKey: Guid(2f56415976783df4faa67413d3420e1a) Importer(815301076,1909f56bfc062723c751e8b465ee728b)
Start importing Assets/TextMesh Pro/Resources/Fonts & Materials/supernova/Supernova - Personal Used.ttf using Guid(2f56415976783df4faa67413d3420e1a) Importer(815301076,1909f56bfc062723c751e8b465ee728b)  -> (artifact id: 'b4708ba0ee38b8e8af90368cd3cbf0cc') in 0.055594 seconds
Number of updated asset objects reloaded before import = 0
Number of asset objects unloaded after import = 4
========================================================================
Received Import Request.
  Time since last request: 5.876441 seconds.
  path: Assets/TextMesh Pro/Resources/Fonts & Materials/supernova/Supernova - Personal Used.ttf
  artifactKey: Guid(2f56415976783df4faa67413d3420e1a) Importer(815301076,1909f56bfc062723c751e8b465ee728b)
Start importing Assets/TextMesh Pro/Resources/Fonts & Materials/supernova/Supernova - Personal Used.ttf using Guid(2f56415976783df4faa67413d3420e1a) Importer(815301076,1909f56bfc062723c751e8b465ee728b)  -> (artifact id: '6e4875f5a9eb6a3148131ea49bb89171') in 0.028630 seconds
Number of updated asset objects reloaded before import = 0
Number of asset objects unloaded after import = 4
========================================================================
Received Import Request.
  Time since last request: 8.983516 seconds.
  path: Assets/TextMesh Pro/Resources/Fonts & Materials/supernova/Supernova - Personal Used.ttf
  artifactKey: Guid(2f56415976783df4faa67413d3420e1a) Importer(815301076,1909f56bfc062723c751e8b465ee728b)
Start importing Assets/TextMesh Pro/Resources/Fonts & Materials/supernova/Supernova - Personal Used.ttf using Guid(2f56415976783df4faa67413d3420e1a) Importer(815301076,1909f56bfc062723c751e8b465ee728b)  -> (artifact id: '177694572e09049d139e2f66c6815ebb') in 0.035904 seconds
Number of updated asset objects reloaded before import = 0
Number of asset objects unloaded after import = 4
========================================================================
Received Import Request.
  Time since last request: 2.549970 seconds.
  path: Assets/TextMesh Pro/Resources/Fonts & Materials/supernova/Supernova - Personal Used.ttf
  artifactKey: Guid(2f56415976783df4faa67413d3420e1a) Importer(815301076,1909f56bfc062723c751e8b465ee728b)
Start importing Assets/TextMesh Pro/Resources/Fonts & Materials/supernova/Supernova - Personal Used.ttf using Guid(2f56415976783df4faa67413d3420e1a) Importer(815301076,1909f56bfc062723c751e8b465ee728b)  -> (artifact id: '6fa54d76101c09c5dc62461963e9964e') in 0.025897 seconds
Number of updated asset objects reloaded before import = 0
Number of asset objects unloaded after import = 4
========================================================================
Received Import Request.
  Time since last request: 78.794654 seconds.
  path: Assets/TextMesh Pro/Resources/Fonts & Materials/supernova/Supernova - Personal Used.ttf
  artifactKey: Guid(2f56415976783df4faa67413d3420e1a) Importer(815301076,1909f56bfc062723c751e8b465ee728b)
Start importing Assets/TextMesh Pro/Resources/Fonts & Materials/supernova/Supernova - Personal Used.ttf using Guid(2f56415976783df4faa67413d3420e1a) Importer(815301076,1909f56bfc062723c751e8b465ee728b)  -> (artifact id: 'fbd07ea45f0e164891cc99f751f70ba0') in 0.031858 seconds
Number of updated asset objects reloaded before import = 0
Number of asset objects unloaded after import = 4
========================================================================
Received Import Request.
  Time since last request: 3.749091 seconds.
  path: Assets/TextMesh Pro/Resources/Fonts & Materials/supernova/Supernova - Personal Used.ttf
  artifactKey: Guid(2f56415976783df4faa67413d3420e1a) Importer(815301076,1909f56bfc062723c751e8b465ee728b)
Start importing Assets/TextMesh Pro/Resources/Fonts & Materials/supernova/Supernova - Personal Used.ttf using Guid(2f56415976783df4faa67413d3420e1a) Importer(815301076,1909f56bfc062723c751e8b465ee728b)  -> (artifact id: '814f9be6ca837e30426bc22cbdd8f3cc') in 0.032130 seconds
Number of updated asset objects reloaded before import = 0
Number of asset objects unloaded after import = 4
========================================================================
Received Import Request.
  Time since last request: 3.087794 seconds.
  path: Assets/TextMesh Pro/Resources/Fonts & Materials/supernova/Supernova - Personal Used.ttf
  artifactKey: Guid(2f56415976783df4faa67413d3420e1a) Importer(815301076,1909f56bfc062723c751e8b465ee728b)
Start importing Assets/TextMesh Pro/Resources/Fonts & Materials/supernova/Supernova - Personal Used.ttf using Guid(2f56415976783df4faa67413d3420e1a) Importer(815301076,1909f56bfc062723c751e8b465ee728b)  -> (artifact id: '9d5a0d284122829100f35cfb7a144f0b') in 0.026350 seconds
Number of updated asset objects reloaded before import = 0
Number of asset objects unloaded after import = 4
========================================================================
Received Import Request.
  Time since last request: 2.971887 seconds.
  path: Assets/TextMesh Pro/Resources/Fonts & Materials/supernova/Supernova - Personal Used.ttf
  artifactKey: Guid(2f56415976783df4faa67413d3420e1a) Importer(815301076,1909f56bfc062723c751e8b465ee728b)
Start importing Assets/TextMesh Pro/Resources/Fonts & Materials/supernova/Supernova - Personal Used.ttf using Guid(2f56415976783df4faa67413d3420e1a) Importer(815301076,1909f56bfc062723c751e8b465ee728b)  -> (artifact id: 'a7542771af8dca04fb234b765583b174') in 0.026805 seconds
Number of updated asset objects reloaded before import = 0
Number of asset objects unloaded after import = 4
========================================================================
Received Import Request.
  Time since last request: 10.702632 seconds.
  path: Assets/TextMesh Pro/Resources/Fonts & Materials/supernova/Supernova - Personal Used.ttf
  artifactKey: Guid(2f56415976783df4faa67413d3420e1a) Importer(815301076,1909f56bfc062723c751e8b465ee728b)
Start importing Assets/TextMesh Pro/Resources/Fonts & Materials/supernova/Supernova - Personal Used.ttf using Guid(2f56415976783df4faa67413d3420e1a) Importer(815301076,1909f56bfc062723c751e8b465ee728b)  -> (artifact id: 'bc35a7e20a354c0cd7eaf9b3ac2db84a') in 0.026033 seconds
Number of updated asset objects reloaded before import = 0
Number of asset objects unloaded after import = 4
========================================================================
Received Import Request.
  Time since last request: 262.549946 seconds.
  path: Assets/tumblr_inline_oy9cf08JkS1qbbkoy_1280.png
  artifactKey: Guid(be81d80f8bc3dcf4c959679f1c3eccbf) Importer(815301076,1909f56bfc062723c751e8b465ee728b)
Start importing Assets/tumblr_inline_oy9cf08JkS1qbbkoy_1280.png using Guid(be81d80f8bc3dcf4c959679f1c3eccbf) Importer(815301076,1909f56bfc062723c751e8b465ee728b)  -> (artifact id: '9f439fce6690f3809472854b3ae57886') in 0.052550 seconds
Number of updated asset objects reloaded before import = 0
Number of asset objects unloaded after import = 2
========================================================================
Received Import Request.
  Time since last request: 11.362793 seconds.
  path: Assets/tumblr_inline_oy9cf08JkS1qbbkoy_1280.png
  artifactKey: Guid(be81d80f8bc3dcf4c959679f1c3eccbf) Importer(815301076,1909f56bfc062723c751e8b465ee728b)
Start importing Assets/tumblr_inline_oy9cf08JkS1qbbkoy_1280.png using Guid(be81d80f8bc3dcf4c959679f1c3eccbf) Importer(815301076,1909f56bfc062723c751e8b465ee728b)  -> (artifact id: '9fba2bffe9923a62430d47b5eb13ff52') in 0.078206 seconds
Number of updated asset objects reloaded before import = 0
Number of asset objects unloaded after import = 2
========================================================================
Received Import Request.
  Time since last request: 45.993344 seconds.
  path: Assets/tumblr_inline_oy9cf08JkS1qbbkoy_1280.png
  artifactKey: Guid(be81d80f8bc3dcf4c959679f1c3eccbf) Importer(815301076,1909f56bfc062723c751e8b465ee728b)
Start importing Assets/tumblr_inline_oy9cf08JkS1qbbkoy_1280.png using Guid(be81d80f8bc3dcf4c959679f1c3eccbf) Importer(815301076,1909f56bfc062723c751e8b465ee728b)  -> (artifact id: 'ad798cad023417b0e99a0eea3d65e217') in 0.401131 seconds
Number of updated asset objects reloaded before import = 0
Number of asset objects unloaded after import = 3
========================================================================
Received Prepare
Begin MonoManager ReloadAssembly
C:\build\output\Unity-Technologies\mono\mono\metadata\icall.c:1842:
C:\build\output\Unity-Technologies\mono\mono\metadata\icall.c:1842:
C:\build\output\Unity-Technologies\mono\mono\metadata\icall.c:1842:
C:\build\output\Unity-Technologies\mono\mono\metadata\icall.c:1842:
C:\build\output\Unity-Technologies\mono\mono\metadata\icall.c:1842:
C:\build\output\Unity-Technologies\mono\mono\metadata\icall.c:1842:
C:\build\output\Unity-Technologies\mono\mono\metadata\icall.c:1842:
C:\build\output\Unity-Technologies\mono\mono\metadata\icall.c:1842:
C:\build\output\Unity-Technologies\mono\mono\metadata\icall.c:1842:
C:\build\output\Unity-Technologies\mono\mono\metadata\icall.c:1842:
C:\build\output\Unity-Technologies\mono\mono\metadata\icall.c:1842:
C:\build\output\Unity-Technologies\mono\mono\metadata\icall.c:1842:
Symbol file LoadedFromMemory doesn't match image C:\Business Analysis\TeamBooYah\TeamBooYah\Library\PackageCache\com.unity.visualscripting@1.8.0\Editor\VisualScripting.Core\Dependencies\YamlDotNet\Unity.VisualScripting.YamlDotNet.dll
Symbol file LoadedFromMemory doesn't match image C:\Business Analysis\TeamBooYah\TeamBooYah\Library\PackageCache\com.unity.visualscripting@1.8.0\Editor\VisualScripting.Core\Dependencies\DotNetZip\Unity.VisualScripting.IonicZip.dll
- Loaded All Assemblies, in 14.614 seconds
Refreshing native plugins compatible for Editor in 15.75 ms, found 3 plugins.
Native extension for WindowsStandalone target not found
Mono: successfully reloaded assembly
- Finished resetting the current domain, in  6.710 seconds
Domain Reload Profiling: 21302ms
	BeginReloadAssembly (3677ms)
		ExecutionOrderSort (0ms)
		DisableScriptedObjects (133ms)
		BackupInstance (0ms)
		ReleaseScriptingObjects (5ms)
		CreateAndSetChildDomain (1988ms)
	RebuildCommonClasses (220ms)
	RebuildNativeTypeToScriptingClass (69ms)
	initialDomainReloadingComplete (167ms)
	LoadAllAssembliesAndSetupDomain (10455ms)
		LoadAssemblies (8834ms)
		RebuildTransferFunctionScriptingTraits (0ms)
		AnalyzeDomain (2566ms)
			TypeCache.Refresh (2546ms)
				TypeCache.ScanAssembly (2256ms)
			ScanForSourceGeneratedMonoScriptInfo (2ms)
			ResolveRequiredComponents (18ms)
	FinalizeReload (6714ms)
		ReleaseScriptCaches (0ms)
		RebuildScriptCaches (0ms)
		SetupLoadedEditorAssemblies (2128ms)
			LogAssemblyErrors (0ms)
			InitializePlatformSupportModulesInManaged (22ms)
			SetLoadedEditorAssemblies (15ms)
			BeforeProcessingInitializeOnLoad (239ms)
			ProcessInitializeOnLoadAttributes (1657ms)
			ProcessInitializeOnLoadMethodAttributes (145ms)
			AfterProcessingInitializeOnLoad (48ms)
			EditorAssembliesLoaded (1ms)
		ExecutionOrderSort2 (0ms)
		AwakeInstancesAfterBackupRestoration (57ms)
Refreshing native plugins compatible for Editor in 16.30 ms, found 3 plugins.
Preloading 0 native plugins for Editor in 0.00 ms.
Unloading 3159 Unused Serialized files (Serialized files now loaded: 0)
Unloading 25 unused Assets / (31.0 KB). Loaded Objects now: 3769.
Memory consumption went from 134.5 MB to 134.5 MB.
Total: 28.592900 ms (FindLiveObjects: 0.668100 ms CreateObjectMapping: 0.814600 ms MarkObjects: 26.824100 ms  DeleteObjects: 0.275700 ms)

Prepare: number of updated asset objects reloaded= 0
AssetImportParameters requested are different than current active one (requested -> active):
  custom:video-decoder-webm-vp8: 9c59270c3fd7afecdb556c50c9e8de78 -> 
  custom:SearchIndexIgnoredProperties: e643bd26f0fe6173181afceb89e7c659 -> 
  custom:audio-encoder-webm-vorbis: bf7c407c2cedff20999df2af8eb42d56 -> 
  custom:AudioImporter_EditorPlatform: d09bf68614088b80899f8185d706f6e7 -> 
  custom:audio-decoder-ogg-vorbis: bf7c407c2cedff20999df2af8eb42d56 -> 
  custom:video-encoder-webm-vp8: eb34c28f22e8b96e1ab97ce403110664 -> 
  custom:container-demuxer-ogg: 62fdf1f143b41e24485cea50d1cbac27 -> 
  custom:framework-win-MediaFoundation: 216162199b28c13a410421893ffa2e32 -> 
  custom:video-decoder-ogg-theora: a1e56fd34408186e4bbccfd4996cb3dc -> 
  custom:container-muxer-webm: aa71ff27fc2769a1b78a27578f13a17b -> 
  custom:CustomObjectIndexerAttribute: 756ad292c208cfabdd7b50bc23989ffe -> 
  custom:container-demuxer-webm: 4f35f7cbe854078d1ac9338744f61a02 -> 
========================================================================
Received Import Request.
  Time since last request: 908.415642 seconds.
  path: Assets/TextMesh Pro/Resources/Fonts & Materials/under_hiport
  artifactKey: Guid(7de01e67d3ab18b49b2062a2b6922301) Importer(815301076,1909f56bfc062723c751e8b465ee728b)
Start importing Assets/TextMesh Pro/Resources/Fonts & Materials/under_hiport using Guid(7de01e67d3ab18b49b2062a2b6922301) Importer(815301076,1909f56bfc062723c751e8b465ee728b)  -> (artifact id: '3c9387523184f34a746ddafb0b6d23c2') in 0.019195 seconds
Number of updated asset objects reloaded before import = 0
Number of asset objects unloaded after import = 0
========================================================================
Received Import Request.
  Time since last request: 11.045551 seconds.
  path: Assets/TextMesh Pro/Resources/Fonts & Materials/under_hiport/New Text Color Gradient.asset
  artifactKey: Guid(b2f4bc2e37b2d994096752a29aae82df) Importer(815301076,1909f56bfc062723c751e8b465ee728b)
Start importing Assets/TextMesh Pro/Resources/Fonts & Materials/under_hiport/New Text Color Gradient.asset using Guid(b2f4bc2e37b2d994096752a29aae82df) Importer(815301076,1909f56bfc062723c751e8b465ee728b)  -> (artifact id: 'a8cb4e6d0bcb379247775ffba47edc05') in 0.047277 seconds
Number of updated asset objects reloaded before import = 0
Number of asset objects unloaded after import = 1
========================================================================
Received Import Request.
  Time since last request: 195.224013 seconds.
  path: Assets/TextMesh Pro/Resources/Fonts & Materials/under_hiport/pixil-frame-0.png
  artifactKey: Guid(7d08ca5e8a8d14b46bb811e7790d0a34) Importer(815301076,1909f56bfc062723c751e8b465ee728b)
Start importing Assets/TextMesh Pro/Resources/Fonts & Materials/under_hiport/pixil-frame-0.png using Guid(7d08ca5e8a8d14b46bb811e7790d0a34) Importer(815301076,1909f56bfc062723c751e8b465ee728b)  -> (artifact id: '266d770859f5d468e8d3bffe24ed2d7a') in 0.203447 seconds
Number of updated asset objects reloaded before import = 0
Number of asset objects unloaded after import = 2
========================================================================
Received Import Request.
  Time since last request: 27.784198 seconds.
  path: Assets/TextMesh Pro/Sprites/pixil-frame-0.png
  artifactKey: Guid(7d08ca5e8a8d14b46bb811e7790d0a34) Importer(815301076,1909f56bfc062723c751e8b465ee728b)
Start importing Assets/TextMesh Pro/Sprites/pixil-frame-0.png using Guid(7d08ca5e8a8d14b46bb811e7790d0a34) Importer(815301076,1909f56bfc062723c751e8b465ee728b)  -> (artifact id: 'd8bfde15937df730857ed962ed317e00') in 0.088119 seconds
Number of updated asset objects reloaded before import = 0
Number of asset objects unloaded after import = 3
========================================================================
Received Import Request.
  Time since last request: 891.314150 seconds.
  path: Assets/TextMesh Pro/Resources/Fonts & Materials/LiberationSans SDF.asset
  artifactKey: Guid(8f586378b4e144a9851e7b34d9b748ee) Importer(815301076,1909f56bfc062723c751e8b465ee728b)
Start importing Assets/TextMesh Pro/Resources/Fonts & Materials/LiberationSans SDF.asset using Guid(8f586378b4e144a9851e7b34d9b748ee) Importer(815301076,1909f56bfc062723c751e8b465ee728b)  -> (artifact id: '2488e1a1b3aefe82b8c5152eef1311fa') in 2.819317 seconds
Number of updated asset objects reloaded before import = 0
Number of asset objects unloaded after import = 6
========================================================================
Received Import Request.
  Time since last request: 0.000402 seconds.
  path: Assets/TextMesh Pro/Resources/Fonts & Materials/LiberationSans SDF - Outline.mat
  artifactKey: Guid(79459efec17a4d00a321bdcc27bbc385) Importer(815301076,1909f56bfc062723c751e8b465ee728b)
Start importing Assets/TextMesh Pro/Resources/Fonts & Materials/LiberationSans SDF - Outline.mat using Guid(79459efec17a4d00a321bdcc27bbc385) Importer(815301076,1909f56bfc062723c751e8b465ee728b)  -> (artifact id: 'c1c047f8e8ae2ff67ae09232d83dbf90') in 0.129749 seconds
Number of updated asset objects reloaded before import = 0
Number of asset objects unloaded after import = 2
========================================================================
Received Import Request.
  Time since last request: 0.000068 seconds.
  path: Assets/TextMesh Pro/Resources/Fonts & Materials/LiberationSans SDF - Fallback.asset
  artifactKey: Guid(2e498d1c8094910479dc3e1b768306a4) Importer(815301076,1909f56bfc062723c751e8b465ee728b)
Start importing Assets/TextMesh Pro/Resources/Fonts & Materials/LiberationSans SDF - Fallback.asset using Guid(2e498d1c8094910479dc3e1b768306a4) Importer(815301076,1909f56bfc062723c751e8b465ee728b)  -> (artifact id: '011fc9e5e98fd0ec67c28708aa1de9c8') in 0.227703 seconds
Number of updated asset objects reloaded before import = 0
Number of asset objects unloaded after import = 6
========================================================================
Received Import Request.
  Time since last request: 16.894308 seconds.
  path: Assets/TextMesh Pro/Resources/Fonts & Materials/New Text Color Gradient.asset
  artifactKey: Guid(6509f5767b6ed2c4d85ecd7773741fcf) Importer(815301076,1909f56bfc062723c751e8b465ee728b)
Start importing Assets/TextMesh Pro/Resources/Fonts & Materials/New Text Color Gradient.asset using Guid(6509f5767b6ed2c4d85ecd7773741fcf) Importer(815301076,1909f56bfc062723c751e8b465ee728b)  -> (artifact id: '3d1f8817a906048db356cc761fa76ea1') in 0.020420 seconds
Number of updated asset objects reloaded before import = 0
Number of asset objects unloaded after import = 1
========================================================================
Received Import Request.
  Time since last request: 820.266558 seconds.
  path: Assets/TextMesh Pro/Resources/Fonts & Materials/New Text Color Gradient.asset
  artifactKey: Guid(6509f5767b6ed2c4d85ecd7773741fcf) Importer(815301076,1909f56bfc062723c751e8b465ee728b)
Start importing Assets/TextMesh Pro/Resources/Fonts & Materials/New Text Color Gradient.asset using Guid(6509f5767b6ed2c4d85ecd7773741fcf) Importer(815301076,1909f56bfc062723c751e8b465ee728b)  -> (artifact id: 'e0b03a9edb67960d443ff1406c84487f') in 0.022815 seconds
Number of updated asset objects reloaded before import = 0
Number of asset objects unloaded after import = 1
========================================================================
Received Import Request.
  Time since last request: 260.452314 seconds.
  path: Assets/TextMesh Pro/Resources/Fonts & Materials/New Text Color Gradient.asset
  artifactKey: Guid(6509f5767b6ed2c4d85ecd7773741fcf) Importer(815301076,1909f56bfc062723c751e8b465ee728b)
Start importing Assets/TextMesh Pro/Resources/Fonts & Materials/New Text Color Gradient.asset using Guid(6509f5767b6ed2c4d85ecd7773741fcf) Importer(815301076,1909f56bfc062723c751e8b465ee728b)  -> (artifact id: '5f7042e47b96fb481c68507e0dd1aa54') in 0.016213 seconds
Number of updated asset objects reloaded before import = 0
Number of asset objects unloaded after import = 1
========================================================================
Received Import Request.
  Time since last request: 3.450727 seconds.
  path: Assets/Supernova - Personal Used SDF.asset
  artifactKey: Guid(e66fe005db699704db013ac9a222f14f) Importer(815301076,1909f56bfc062723c751e8b465ee728b)
Start importing Assets/Supernova - Personal Used SDF.asset using Guid(e66fe005db699704db013ac9a222f14f) Importer(815301076,1909f56bfc062723c751e8b465ee728b)  -> (artifact id: '21ffa411cf36d0e1ed7ca5bff1a410ee') in 0.384764 seconds
Number of updated asset objects reloaded before import = 0
Number of asset objects unloaded after import = 6
========================================================================
Received Import Request.
  Time since last request: 155.892261 seconds.
  path: Assets/TextMesh Pro/Resources/Fonts & Materials/under_hiport/New Text Color Gradient.asset
  artifactKey: Guid(b2f4bc2e37b2d994096752a29aae82df) Importer(815301076,1909f56bfc062723c751e8b465ee728b)
Start importing Assets/TextMesh Pro/Resources/Fonts & Materials/under_hiport/New Text Color Gradient.asset using Guid(b2f4bc2e37b2d994096752a29aae82df) Importer(815301076,1909f56bfc062723c751e8b465ee728b)  -> (artifact id: '409255db0de15f3e561b1213b1ab8b16') in 0.009669 seconds
Number of updated asset objects reloaded before import = 0
Number of asset objects unloaded after import = 1
========================================================================
Received Prepare
Begin MonoManager ReloadAssembly
C:\build\output\Unity-Technologies\mono\mono\metadata\icall.c:1842:
C:\build\output\Unity-Technologies\mono\mono\metadata\icall.c:1842:
C:\build\output\Unity-Technologies\mono\mono\metadata\icall.c:1842:
C:\build\output\Unity-Technologies\mono\mono\metadata\icall.c:1842:
C:\build\output\Unity-Technologies\mono\mono\metadata\icall.c:1842:
C:\build\output\Unity-Technologies\mono\mono\metadata\icall.c:1842:
C:\build\output\Unity-Technologies\mono\mono\metadata\icall.c:1842:
C:\build\output\Unity-Technologies\mono\mono\metadata\icall.c:1842:
C:\build\output\Unity-Technologies\mono\mono\metadata\icall.c:1842:
C:\build\output\Unity-Technologies\mono\mono\metadata\icall.c:1842:
C:\build\output\Unity-Technologies\mono\mono\metadata\icall.c:1842:
C:\build\output\Unity-Technologies\mono\mono\metadata\icall.c:1842:
Symbol file LoadedFromMemory doesn't match image C:\Business Analysis\TeamBooYah\TeamBooYah\Library\PackageCache\com.unity.visualscripting@1.8.0\Editor\VisualScripting.Core\Dependencies\YamlDotNet\Unity.VisualScripting.YamlDotNet.dll
Symbol file LoadedFromMemory doesn't match image C:\Business Analysis\TeamBooYah\TeamBooYah\Library\PackageCache\com.unity.visualscripting@1.8.0\Editor\VisualScripting.Core\Dependencies\DotNetZip\Unity.VisualScripting.IonicZip.dll
- Loaded All Assemblies, in 10.920 seconds
Refreshing native plugins compatible for Editor in 11.00 ms, found 3 plugins.
Native extension for WindowsStandalone target not found
Mono: successfully reloaded assembly
- Finished resetting the current domain, in  8.534 seconds
Domain Reload Profiling: 19359ms
	BeginReloadAssembly (4126ms)
		ExecutionOrderSort (0ms)
		DisableScriptedObjects (235ms)
		BackupInstance (0ms)
		ReleaseScriptingObjects (7ms)
		CreateAndSetChildDomain (2620ms)
	RebuildCommonClasses (383ms)
	RebuildNativeTypeToScriptingClass (174ms)
	initialDomainReloadingComplete (407ms)
	LoadAllAssembliesAndSetupDomain (5733ms)
		LoadAssemblies (4601ms)
		RebuildTransferFunctionScriptingTraits (0ms)
		AnalyzeDomain (1794ms)
			TypeCache.Refresh (1777ms)
				TypeCache.ScanAssembly (1427ms)
			ScanForSourceGeneratedMonoScriptInfo (0ms)
			ResolveRequiredComponents (16ms)
	FinalizeReload (8535ms)
		ReleaseScriptCaches (0ms)
		RebuildScriptCaches (0ms)
		SetupLoadedEditorAssemblies (1591ms)
			LogAssemblyErrors (0ms)
			InitializePlatformSupportModulesInManaged (23ms)
			SetLoadedEditorAssemblies (16ms)
			BeforeProcessingInitializeOnLoad (283ms)
			ProcessInitializeOnLoadAttributes (1162ms)
			ProcessInitializeOnLoadMethodAttributes (79ms)
			AfterProcessingInitializeOnLoad (28ms)
			EditorAssembliesLoaded (1ms)
		ExecutionOrderSort2 (0ms)
		AwakeInstancesAfterBackupRestoration (32ms)
Refreshing native plugins compatible for Editor in 10.74 ms, found 3 plugins.
Preloading 0 native plugins for Editor in 0.00 ms.
Unloading 3159 Unused Serialized files (Serialized files now loaded: 0)
Unloading 25 unused Assets / (31.1 KB). Loaded Objects now: 3771.
Memory consumption went from 136.5 MB to 136.4 MB.
Total: 20.085700 ms (FindLiveObjects: 0.641200 ms CreateObjectMapping: 0.559400 ms MarkObjects: 18.715600 ms  DeleteObjects: 0.165000 ms)

Prepare: number of updated asset objects reloaded= 0
AssetImportParameters requested are different than current active one (requested -> active):
  custom:video-decoder-webm-vp8: 9c59270c3fd7afecdb556c50c9e8de78 -> 
  custom:SearchIndexIgnoredProperties: e643bd26f0fe6173181afceb89e7c659 -> 
  custom:audio-encoder-webm-vorbis: bf7c407c2cedff20999df2af8eb42d56 -> 
  custom:AudioImporter_EditorPlatform: d09bf68614088b80899f8185d706f6e7 -> 
  custom:audio-decoder-ogg-vorbis: bf7c407c2cedff20999df2af8eb42d56 -> 
  custom:video-encoder-webm-vp8: eb34c28f22e8b96e1ab97ce403110664 -> 
  custom:container-demuxer-ogg: 62fdf1f143b41e24485cea50d1cbac27 -> 
  custom:framework-win-MediaFoundation: 216162199b28c13a410421893ffa2e32 -> 
  custom:video-decoder-ogg-theora: a1e56fd34408186e4bbccfd4996cb3dc -> 
  custom:container-muxer-webm: aa71ff27fc2769a1b78a27578f13a17b -> 
  custom:CustomObjectIndexerAttribute: 756ad292c208cfabdd7b50bc23989ffe -> 
  custom:container-demuxer-webm: 4f35f7cbe854078d1ac9338744f61a02 -> 
========================================================================
Received Import Request.
  Time since last request: 471.444340 seconds.
  path: Assets/TextMesh Pro/Fonts/Under Hiport SDF.asset
  artifactKey: Guid(5819f4f69dd6a204dbf56b15ac60cff9) Importer(815301076,1909f56bfc062723c751e8b465ee728b)
Start importing Assets/TextMesh Pro/Fonts/Under Hiport SDF.asset using Guid(5819f4f69dd6a204dbf56b15ac60cff9) Importer(815301076,1909f56bfc062723c751e8b465ee728b)  -> (artifact id: '368f0d6f66aef5077b668cf92f1510e4') in 0.310532 seconds
Number of updated asset objects reloaded before import = 0
Number of asset objects unloaded after import = 4
========================================================================
Received Import Request.
  Time since last request: 19.302937 seconds.
  path: Assets/Supernova - Personal Used SDF.asset
  artifactKey: Guid(e66fe005db699704db013ac9a222f14f) Importer(815301076,1909f56bfc062723c751e8b465ee728b)
Start importing Assets/Supernova - Personal Used SDF.asset using Guid(e66fe005db699704db013ac9a222f14f) Importer(815301076,1909f56bfc062723c751e8b465ee728b)  -> (artifact id: 'a62d125b74e0149c61b0f07f8d303ea1') in 0.465529 seconds
Number of updated asset objects reloaded before import = 0
Number of asset objects unloaded after import = 6
